TN:
SF:packages/base/dist/cjs/index.js
FN:13,get
FN:24,get
FN:36,get
FN:48,get
FN:60,get
FN:72,get
FN:84,get
FN:96,get
FN:108,get
FN:120,get
FN:132,get
FN:144,get
FN:156,get
FN:168,get
FN:180,get
FN:192,get
FN:204,get
FN:216,get
FN:228,get
FN:240,get
FN:252,get
FN:264,get
FN:276,get
FN:288,get
FN:300,get
FN:312,get
FN:324,get
FN:336,get
FN:348,get
FN:360,get
FN:372,get
FN:384,get
FN:396,get
FN:408,get
FN:420,get
FN:432,get
FN:444,get
FN:456,get
FN:468,get
FNF:39
FNH:29
FNDA:0,get
FNDA:30,get
FNDA:23,get
FNDA:355,get
FNDA:24,get
FNDA:94,get
FNDA:313,get
FNDA:23,get
FNDA:18,get
FNDA:96,get
FNDA:32,get
FNDA:12,get
FNDA:574,get
FNDA:28,get
FNDA:1,get
FNDA:80,get
FNDA:82,get
FNDA:0,get
FNDA:56,get
FNDA:196,get
FNDA:0,get
FNDA:56,get
FNDA:0,get
FNDA:101,get
FNDA:0,get
FNDA:0,get
FNDA:0,get
FNDA:0,get
FNDA:45,get
FNDA:0,get
FNDA:29,get
FNDA:83,get
FNDA:360,get
FNDA:166,get
FNDA:37,get
FNDA:0,get
FNDA:53,get
FNDA:68,get
FNDA:165,get
DA:1,1
DA:2,1
DA:3,1
DA:4,1
DA:5,1
DA:6,1
DA:7,1
DA:8,1
DA:9,1
DA:10,1
DA:11,1
DA:12,1
DA:13,1
DA:14,0
DA:15,0
DA:16,1
DA:17,1
DA:18,1
DA:19,60
DA:20,60
DA:21,60
DA:22,30
DA:23,30
DA:24,30
DA:25,30
DA:26,30
DA:27,30
DA:28,1
DA:29,1
DA:30,1
DA:31,60
DA:32,60
DA:33,60
DA:34,30
DA:35,30
DA:36,30
DA:37,23
DA:38,23
DA:39,30
DA:40,1
DA:41,1
DA:42,1
DA:43,90
DA:44,90
DA:45,90
DA:46,60
DA:47,60
DA:48,60
DA:49,355
DA:50,355
DA:51,60
DA:52,1
DA:53,1
DA:54,1
DA:55,60
DA:56,60
DA:57,60
DA:58,30
DA:59,30
DA:60,30
DA:61,24
DA:62,24
DA:63,30
DA:64,1
DA:65,1
DA:66,1
DA:67,90
DA:68,90
DA:69,90
DA:70,60
DA:71,60
DA:72,60
DA:73,94
DA:74,94
DA:75,60
DA:76,1
DA:77,1
DA:78,1
DA:79,180
DA:80,180
DA:81,180
DA:82,180
DA:83,180
DA:84,180
DA:85,313
DA:86,313
DA:87,180
DA:88,1
DA:89,1
DA:90,1
DA:91,60
DA:92,60
DA:93,60
DA:94,30
DA:95,30
DA:96,30
DA:97,23
DA:98,23
DA:99,30
DA:100,1
DA:101,1
DA:102,1
DA:103,60
DA:104,60
DA:105,60
DA:106,30
DA:107,30
DA:108,30
DA:109,18
DA:110,18
DA:111,30
DA:112,1
DA:113,1
DA:114,1
DA:115,60
DA:116,60
DA:117,60
DA:118,30
DA:119,30
DA:120,30
DA:121,96
DA:122,96
DA:123,30
DA:124,1
DA:125,1
DA:126,1
DA:127,60
DA:128,60
DA:129,60
DA:130,30
DA:131,30
DA:132,30
DA:133,32
DA:134,32
DA:135,30
DA:136,1
DA:137,1
DA:138,1
DA:139,60
DA:140,60
DA:141,60
DA:142,30
DA:143,30
DA:144,30
DA:145,12
DA:146,12
DA:147,30
DA:148,1
DA:149,1
DA:150,1
DA:151,150
DA:152,150
DA:153,150
DA:154,120
DA:155,120
DA:156,120
DA:157,574
DA:158,574
DA:159,120
DA:160,1
DA:161,1
DA:162,1
DA:163,60
DA:164,60
DA:165,60
DA:166,30
DA:167,30
DA:168,30
DA:169,28
DA:170,28
DA:171,30
DA:172,1
DA:173,1
DA:174,1
DA:175,60
DA:176,60
DA:177,60
DA:178,30
DA:179,30
DA:180,30
DA:181,1
DA:182,1
DA:183,30
DA:184,1
DA:185,1
DA:186,1
DA:187,90
DA:188,90
DA:189,90
DA:190,60
DA:191,60
DA:192,60
DA:193,80
DA:194,80
DA:195,60
DA:196,1
DA:197,1
DA:198,1
DA:199,150
DA:200,150
DA:201,150
DA:202,120
DA:203,120
DA:204,120
DA:205,82
DA:206,82
DA:207,120
DA:208,1
DA:209,1
DA:210,1
DA:211,90
DA:212,90
DA:213,90
DA:214,60
DA:215,60
DA:216,60
DA:217,0
DA:218,0
DA:219,60
DA:220,1
DA:221,1
DA:222,1
DA:223,60
DA:224,60
DA:225,60
DA:226,30
DA:227,30
DA:228,30
DA:229,56
DA:230,56
DA:231,30
DA:232,1
DA:233,1
DA:234,1
DA:235,120
DA:236,120
DA:237,120
DA:238,90
DA:239,90
DA:240,90
DA:241,196
DA:242,196
DA:243,90
DA:244,1
DA:245,1
DA:246,1
DA:247,60
DA:248,60
DA:249,60
DA:250,30
DA:251,30
DA:252,30
DA:253,0
DA:254,0
DA:255,30
DA:256,1
DA:257,1
DA:258,1
DA:259,90
DA:260,90
DA:261,90
DA:262,60
DA:263,60
DA:264,60
DA:265,56
DA:266,56
DA:267,60
DA:268,1
DA:269,1
DA:270,1
DA:271,60
DA:272,60
DA:273,60
DA:274,30
DA:275,30
DA:276,30
DA:277,0
DA:278,0
DA:279,30
DA:280,1
DA:281,1
DA:282,1
DA:283,90
DA:284,90
DA:285,90
DA:286,60
DA:287,60
DA:288,60
DA:289,101
DA:290,101
DA:291,60
DA:292,1
DA:293,1
DA:294,1
DA:295,60
DA:296,60
DA:297,60
DA:298,30
DA:299,30
DA:300,30
DA:301,0
DA:302,0
DA:303,30
DA:304,1
DA:305,1
DA:306,1
DA:307,30
DA:308,30
DA:309,30
DA:310,30
DA:311,30
DA:312,30
DA:313,0
DA:314,0
DA:315,30
DA:316,1
DA:317,1
DA:318,1
DA:319,60
DA:320,60
DA:321,60
DA:322,30
DA:323,30
DA:324,30
DA:325,0
DA:326,0
DA:327,30
DA:328,1
DA:329,1
DA:330,1
DA:331,60
DA:332,60
DA:333,60
DA:334,30
DA:335,30
DA:336,30
DA:337,0
DA:338,0
DA:339,30
DA:340,1
DA:341,1
DA:342,1
DA:343,60
DA:344,60
DA:345,60
DA:346,30
DA:347,30
DA:348,30
DA:349,45
DA:350,45
DA:351,30
DA:352,1
DA:353,1
DA:354,1
DA:355,60
DA:356,60
DA:357,60
DA:358,30
DA:359,30
DA:360,30
DA:361,0
DA:362,0
DA:363,30
DA:364,1
DA:365,1
DA:366,1
DA:367,60
DA:368,60
DA:369,60
DA:370,30
DA:371,30
DA:372,30
DA:373,29
DA:374,29
DA:375,30
DA:376,1
DA:377,1
DA:378,1
DA:379,60
DA:380,60
DA:381,60
DA:382,30
DA:383,30
DA:384,30
DA:385,83
DA:386,83
DA:387,30
DA:388,1
DA:389,1
DA:390,1
DA:391,90
DA:392,90
DA:393,90
DA:394,60
DA:395,60
DA:396,60
DA:397,360
DA:398,360
DA:399,60
DA:400,1
DA:401,1
DA:402,1
DA:403,90
DA:404,90
DA:405,90
DA:406,60
DA:407,60
DA:408,60
DA:409,166
DA:410,166
DA:411,60
DA:412,1
DA:413,1
DA:414,1
DA:415,60
DA:416,60
DA:417,60
DA:418,30
DA:419,30
DA:420,30
DA:421,37
DA:422,37
DA:423,30
DA:424,1
DA:425,1
DA:426,1
DA:427,60
DA:428,60
DA:429,60
DA:430,30
DA:431,30
DA:432,30
DA:433,0
DA:434,0
DA:435,30
DA:436,1
DA:437,1
DA:438,1
DA:439,60
DA:440,60
DA:441,60
DA:442,30
DA:443,30
DA:444,30
DA:445,53
DA:446,53
DA:447,30
DA:448,1
DA:449,1
DA:450,1
DA:451,60
DA:452,60
DA:453,60
DA:454,30
DA:455,30
DA:456,30
DA:457,68
DA:458,68
DA:459,30
DA:460,1
DA:461,1
DA:462,1
DA:463,120
DA:464,120
DA:465,120
DA:466,90
DA:467,90
DA:468,90
DA:469,165
DA:470,165
DA:471,90
DA:472,1
DA:473,1
LF:473
LH:453
BRDA:18,0,0,60
BRDA:19,1,0,30
BRDA:19,2,0,30
BRDA:20,3,0,0
BRDA:20,4,0,30
BRDA:21,5,0,0
BRDA:21,6,0,0
BRDA:21,7,0,30
BRDA:24,8,0,30
BRDA:30,9,0,60
BRDA:31,10,0,30
BRDA:31,11,0,30
BRDA:32,12,0,0
BRDA:32,13,0,30
BRDA:33,14,0,0
BRDA:33,15,0,0
BRDA:33,16,0,30
BRDA:36,17,0,23
BRDA:42,18,0,90
BRDA:43,19,0,60
BRDA:43,20,0,30
BRDA:43,21,0,60
BRDA:44,22,0,0
BRDA:44,23,0,60
BRDA:45,24,0,0
BRDA:45,25,0,0
BRDA:45,26,0,60
BRDA:48,27,0,355
BRDA:54,28,0,60
BRDA:55,29,0,30
BRDA:55,30,0,30
BRDA:56,31,0,0
BRDA:56,32,0,30
BRDA:57,33,0,0
BRDA:57,34,0,0
BRDA:57,35,0,30
BRDA:60,36,0,24
BRDA:66,37,0,90
BRDA:67,38,0,60
BRDA:67,39,0,30
BRDA:67,40,0,60
BRDA:68,41,0,0
BRDA:68,42,0,60
BRDA:69,43,0,0
BRDA:69,44,0,0
BRDA:69,45,0,60
BRDA:72,46,0,94
BRDA:78,47,0,180
BRDA:79,48,0,0
BRDA:80,49,0,0
BRDA:81,50,0,0
BRDA:81,51,0,0
BRDA:84,52,0,313
BRDA:90,53,0,60
BRDA:91,54,0,30
BRDA:91,55,0,30
BRDA:92,56,0,0
BRDA:92,57,0,30
BRDA:93,58,0,0
BRDA:93,59,0,0
BRDA:93,60,0,30
BRDA:96,61,0,23
BRDA:102,62,0,60
BRDA:103,63,0,30
BRDA:103,64,0,30
BRDA:104,65,0,0
BRDA:104,66,0,30
BRDA:105,67,0,0
BRDA:105,68,0,0
BRDA:105,69,0,30
BRDA:108,70,0,18
BRDA:114,71,0,60
BRDA:115,72,0,30
BRDA:115,73,0,30
BRDA:116,74,0,0
BRDA:116,75,0,30
BRDA:117,76,0,0
BRDA:117,77,0,0
BRDA:117,78,0,30
BRDA:120,79,0,96
BRDA:126,80,0,60
BRDA:127,81,0,30
BRDA:127,82,0,30
BRDA:128,83,0,0
BRDA:128,84,0,30
BRDA:129,85,0,0
BRDA:129,86,0,0
BRDA:129,87,0,30
BRDA:132,88,0,32
BRDA:138,89,0,60
BRDA:139,90,0,30
BRDA:139,91,0,30
BRDA:140,92,0,0
BRDA:140,93,0,30
BRDA:141,94,0,0
BRDA:141,95,0,0
BRDA:141,96,0,30
BRDA:144,97,0,12
BRDA:150,98,0,150
BRDA:151,99,0,120
BRDA:151,100,0,30
BRDA:151,101,0,120
BRDA:152,102,0,0
BRDA:152,103,0,120
BRDA:153,104,0,0
BRDA:153,105,0,0
BRDA:153,106,0,120
BRDA:156,107,0,574
BRDA:162,108,0,60
BRDA:163,109,0,30
BRDA:163,110,0,30
BRDA:164,111,0,0
BRDA:164,112,0,30
BRDA:165,113,0,0
BRDA:165,114,0,0
BRDA:165,115,0,30
BRDA:168,116,0,28
BRDA:174,117,0,60
BRDA:175,118,0,30
BRDA:175,119,0,30
BRDA:176,120,0,0
BRDA:176,121,0,30
BRDA:177,122,0,0
BRDA:177,123,0,0
BRDA:177,124,0,30
BRDA:180,125,0,1
BRDA:186,126,0,90
BRDA:187,127,0,60
BRDA:187,128,0,30
BRDA:187,129,0,60
BRDA:188,130,0,0
BRDA:188,131,0,60
BRDA:189,132,0,0
BRDA:189,133,0,0
BRDA:189,134,0,60
BRDA:192,135,0,80
BRDA:198,136,0,150
BRDA:199,137,0,120
BRDA:199,138,0,30
BRDA:199,139,0,120
BRDA:200,140,0,0
BRDA:200,141,0,120
BRDA:201,142,0,0
BRDA:201,143,0,0
BRDA:201,144,0,120
BRDA:204,145,0,82
BRDA:210,146,0,90
BRDA:211,147,0,60
BRDA:211,148,0,30
BRDA:211,149,0,60
BRDA:212,150,0,0
BRDA:212,151,0,60
BRDA:213,152,0,0
BRDA:213,153,0,0
BRDA:213,154,0,60
BRDA:222,155,0,60
BRDA:223,156,0,30
BRDA:223,157,0,30
BRDA:224,158,0,0
BRDA:224,159,0,30
BRDA:225,160,0,0
BRDA:225,161,0,0
BRDA:225,162,0,30
BRDA:228,163,0,56
BRDA:234,164,0,120
BRDA:235,165,0,90
BRDA:235,166,0,30
BRDA:235,167,0,90
BRDA:236,168,0,0
BRDA:236,169,0,90
BRDA:237,170,0,0
BRDA:237,171,0,0
BRDA:237,172,0,90
BRDA:240,173,0,196
BRDA:246,174,0,60
BRDA:247,175,0,30
BRDA:247,176,0,30
BRDA:248,177,0,0
BRDA:248,178,0,30
BRDA:249,179,0,0
BRDA:249,180,0,0
BRDA:249,181,0,30
BRDA:258,182,0,90
BRDA:259,183,0,60
BRDA:259,184,0,30
BRDA:259,185,0,60
BRDA:260,186,0,0
BRDA:260,187,0,60
BRDA:261,188,0,0
BRDA:261,189,0,0
BRDA:261,190,0,60
BRDA:264,191,0,56
BRDA:270,192,0,60
BRDA:271,193,0,30
BRDA:271,194,0,30
BRDA:272,195,0,0
BRDA:272,196,0,30
BRDA:273,197,0,0
BRDA:273,198,0,0
BRDA:273,199,0,30
BRDA:282,200,0,90
BRDA:283,201,0,60
BRDA:283,202,0,30
BRDA:283,203,0,60
BRDA:284,204,0,0
BRDA:284,205,0,60
BRDA:285,206,0,0
BRDA:285,207,0,0
BRDA:285,208,0,60
BRDA:288,209,0,101
BRDA:294,210,0,60
BRDA:295,211,0,30
BRDA:295,212,0,30
BRDA:296,213,0,0
BRDA:296,214,0,30
BRDA:297,215,0,0
BRDA:297,216,0,0
BRDA:297,217,0,30
BRDA:306,218,0,30
BRDA:307,219,0,0
BRDA:308,220,0,0
BRDA:309,221,0,0
BRDA:309,222,0,0
BRDA:318,223,0,60
BRDA:319,224,0,30
BRDA:319,225,0,30
BRDA:320,226,0,0
BRDA:320,227,0,30
BRDA:321,228,0,0
BRDA:321,229,0,0
BRDA:321,230,0,30
BRDA:330,231,0,60
BRDA:331,232,0,30
BRDA:331,233,0,30
BRDA:332,234,0,0
BRDA:332,235,0,30
BRDA:333,236,0,0
BRDA:333,237,0,0
BRDA:333,238,0,30
BRDA:342,239,0,60
BRDA:343,240,0,30
BRDA:343,241,0,30
BRDA:344,242,0,0
BRDA:344,243,0,30
BRDA:345,244,0,0
BRDA:345,245,0,0
BRDA:345,246,0,30
BRDA:348,247,0,45
BRDA:354,248,0,60
BRDA:355,249,0,30
BRDA:355,250,0,30
BRDA:356,251,0,0
BRDA:356,252,0,30
BRDA:357,253,0,0
BRDA:357,254,0,0
BRDA:357,255,0,30
BRDA:366,256,0,60
BRDA:367,257,0,30
BRDA:367,258,0,30
BRDA:368,259,0,0
BRDA:368,260,0,30
BRDA:369,261,0,0
BRDA:369,262,0,0
BRDA:369,263,0,30
BRDA:372,264,0,29
BRDA:378,265,0,60
BRDA:379,266,0,30
BRDA:379,267,0,30
BRDA:380,268,0,0
BRDA:380,269,0,30
BRDA:381,270,0,0
BRDA:381,271,0,0
BRDA:381,272,0,30
BRDA:384,273,0,83
BRDA:390,274,0,90
BRDA:391,275,0,60
BRDA:391,276,0,30
BRDA:391,277,0,60
BRDA:392,278,0,0
BRDA:392,279,0,60
BRDA:393,280,0,0
BRDA:393,281,0,0
BRDA:393,282,0,60
BRDA:396,283,0,360
BRDA:402,284,0,90
BRDA:403,285,0,60
BRDA:403,286,0,30
BRDA:403,287,0,60
BRDA:404,288,0,0
BRDA:404,289,0,60
BRDA:405,290,0,0
BRDA:405,291,0,0
BRDA:405,292,0,60
BRDA:408,293,0,166
BRDA:414,294,0,60
BRDA:415,295,0,30
BRDA:415,296,0,30
BRDA:416,297,0,0
BRDA:416,298,0,30
BRDA:417,299,0,0
BRDA:417,300,0,0
BRDA:417,301,0,30
BRDA:420,302,0,37
BRDA:426,303,0,60
BRDA:427,304,0,30
BRDA:427,305,0,30
BRDA:428,306,0,0
BRDA:428,307,0,30
BRDA:429,308,0,0
BRDA:429,309,0,0
BRDA:429,310,0,30
BRDA:438,311,0,60
BRDA:439,312,0,30
BRDA:439,313,0,30
BRDA:440,314,0,0
BRDA:440,315,0,30
BRDA:441,316,0,0
BRDA:441,317,0,0
BRDA:441,318,0,30
BRDA:444,319,0,53
BRDA:450,320,0,60
BRDA:451,321,0,30
BRDA:451,322,0,30
BRDA:452,323,0,0
BRDA:452,324,0,30
BRDA:453,325,0,0
BRDA:453,326,0,0
BRDA:453,327,0,30
BRDA:456,328,0,68
BRDA:462,329,0,120
BRDA:463,330,0,90
BRDA:463,331,0,30
BRDA:463,332,0,90
BRDA:464,333,0,0
BRDA:464,334,0,90
BRDA:465,335,0,0
BRDA:465,336,0,0
BRDA:465,337,0,90
BRDA:468,338,0,165
BRF:339
BRH:223
end_of_record
TN:
SF:packages/base/dist/cjs/absolute-list/absolute-list.js
FN:11,_interopRequireDefault
FN:12,_typeof
FN:12,_typeof
FN:12,_typeof
FN:13,ownKeys
FN:14,_objectSpread
FN:15,_defineProperty
FN:16,_toPropertyKey
FN:17,_toPrimitive
FN:18,AbsoluteList
FNF:10
FNH:9
FNDA:90,_interopRequireDefault
FNDA:8,_typeof
FNDA:4120,_typeof
FNDA:0,_typeof
FNDA:894,ownKeys
FNDA:894,_objectSpread
FNDA:2060,_defineProperty
FNDA:2060,_toPropertyKey
FNDA:2060,_toPrimitive
FNDA:447,AbsoluteList
DA:1,1
DA:2,1
DA:3,1
DA:4,1
DA:5,1
DA:6,1
DA:7,1
DA:8,1
DA:9,1
DA:10,1
DA:11,90
DA:12,8
DA:13,894
DA:14,894
DA:15,2060
DA:16,2060
DA:17,2060
DA:18,1
DA:19,447
DA:20,447
DA:21,447
DA:22,447
DA:23,447
DA:24,447
DA:25,447
DA:26,447
DA:27,447
DA:28,447
DA:29,447
DA:30,447
DA:31,447
DA:32,447
DA:33,447
DA:34,447
DA:35,447
DA:36,447
DA:37,447
DA:38,447
DA:39,447
DA:40,447
DA:41,447
DA:42,447
DA:43,447
DA:44,447
DA:45,447
DA:46,447
DA:47,447
DA:48,447
DA:49,447
DA:50,447
DA:51,447
DA:52,447
DA:53,447
DA:54,447
DA:55,447
DA:56,447
DA:57,447
DA:58,447
DA:59,447
DA:60,447
DA:61,189
DA:62,189
DA:63,189
DA:64,189
DA:65,258
DA:66,258
DA:67,1
DA:68,1
LF:68
LH:68
BRDA:11,0,0,90
BRDA:11,1,0,30
BRDA:11,2,0,60
BRDA:12,3,0,8
BRDA:12,4,0,0
BRDA:12,5,0,4120
BRDA:13,6,0,894
BRDA:14,7,0,894
BRDA:14,8,0,714
BRDA:14,9,0,180
BRDA:14,10,0,0
BRDA:14,11,0,2060
BRDA:15,12,0,2060
BRDA:15,13,0,0
BRDA:16,14,0,2060
BRDA:16,15,0,0
BRDA:17,16,0,2060
BRDA:17,17,0,0
BRDA:17,18,0,0
BRDA:17,19,0,0
BRDA:18,20,0,447
BRDA:26,21,0,340
BRDA:26,22,0,107
BRDA:33,23,0,445
BRDA:33,24,0,2
BRDA:35,25,0,6
BRDA:35,26,0,441
BRDA:55,27,0,0
BRDA:59,28,0,2
BRDA:59,29,0,0
BRDA:60,30,0,189
BRDA:64,31,0,258
BRF:32
BRH:23
end_of_record
TN:
SF:packages/base/dist/cjs/absolute-list/index.js
FN:8,get
FN:14,get
FN:19,_interopRequireDefault
FNF:3
FNH:3
FNDA:106,get
FNDA:271,get
FNDA:30,_interopRequireDefault
DA:1,1
DA:2,1
DA:3,1
DA:4,1
DA:5,1
DA:6,1
DA:7,1
DA:8,1
DA:9,106
DA:10,106
DA:11,1
DA:12,1
DA:13,1
DA:14,1
DA:15,271
DA:16,271
DA:17,1
DA:18,1
DA:19,30
LF:19
LH:19
BRDA:8,0,0,106
BRDA:14,1,0,271
BRDA:19,2,0,30
BRDA:19,3,0,0
BRF:4
BRH:3
end_of_record
TN:
SF:packages/base/dist/cjs/absolute-list/use-container.js
FN:14,_getRequireWildcardCache
FN:14,_getRequireWildcardCache
FN:15,_interopRequireWildcard
FN:17,getContainer
FN:25,getRootContainer
FN:39,getRoot
FN:46,useContainer
FNF:7
FNH:6
FNDA:30,_getRequireWildcardCache
FNDA:30,_getRequireWildcardCache
FNDA:30,_interopRequireWildcard
FNDA:256,getContainer
FNDA:189,getRootContainer
FNDA:0,getRoot
FNDA:447,useContainer
DA:1,1
DA:2,1
DA:3,1
DA:4,1
DA:5,1
DA:6,1
DA:7,1
DA:8,1
DA:9,1
DA:10,1
DA:11,1
DA:12,1
DA:13,1
DA:14,30
DA:15,30
DA:16,1
DA:17,1
DA:18,256
DA:19,256
DA:20,256
DA:21,250
DA:22,250
DA:23,250
DA:24,1
DA:25,1
DA:26,189
DA:27,189
DA:28,189
DA:29,189
DA:30,6
DA:31,6
DA:32,6
DA:33,187
DA:34,6
DA:35,6
DA:36,185
DA:37,185
DA:38,1
DA:39,1
DA:40,0
DA:41,0
DA:42,0
DA:43,0
DA:44,0
DA:45,1
DA:46,1
DA:47,447
DA:48,447
DA:49,447
DA:50,447
DA:51,447
DA:52,447
DA:53,67
DA:54,447
DA:55,447
DA:56,189
DA:57,84
DA:58,84
DA:59,189
DA:60,189
DA:61,84
DA:62,84
DA:63,189
DA:64,447
DA:65,447
DA:66,248
DA:67,84
DA:68,84
DA:69,447
DA:70,447
DA:71,248
DA:72,447
DA:73,447
DA:74,447
DA:75,447
DA:76,447
DA:77,447
DA:78,447
DA:79,1
DA:80,1
LF:80
LH:75
BRDA:14,0,0,30
BRDA:14,1,0,0
BRDA:14,2,0,30
BRDA:14,3,0,0
BRDA:15,4,0,30
BRDA:15,5,0,0
BRDA:15,6,0,0
BRDA:15,7,0,0
BRDA:15,8,0,0
BRDA:15,9,0,1050
BRDA:15,10,0,0
BRDA:15,11,0,0
BRDA:17,12,0,256
BRDA:19,13,0,8
BRDA:19,14,0,248
BRDA:20,15,0,6
BRDA:20,16,0,6
BRDA:20,17,0,250
BRDA:25,18,0,189
BRDA:28,19,0,4
BRDA:28,20,0,187
BRDA:28,21,0,185
BRDA:29,22,0,179
BRDA:29,23,0,187
BRDA:29,24,0,6
BRDA:32,25,0,185
BRDA:33,26,0,6
BRDA:35,27,0,185
BRDA:46,28,0,447
BRDA:47,29,0,0
BRDA:52,30,0,67
BRDA:55,31,0,189
BRDA:56,32,0,84
BRDA:60,33,0,84
BRDA:65,34,0,248
BRDA:66,35,0,84
BRDA:70,36,0,248
BRF:37
BRH:28
end_of_record
TN:
SF:packages/base/dist/cjs/alert/alert-icon.js
FN:20,AlertIcon
FNF:1
FNH:1
FNDA:43,AlertIcon
DA:1,1
DA:2,1
DA:3,1
DA:4,1
DA:5,1
DA:6,1
DA:7,1
DA:8,1
DA:9,1
DA:10,1
DA:11,1
DA:12,1
DA:13,1
DA:14,1
DA:15,1
DA:16,1
DA:17,1
DA:18,1
DA:19,1
DA:20,1
DA:21,43
DA:22,43
DA:23,43
DA:24,43
DA:25,43
DA:26,41
DA:27,43
DA:28,41
DA:29,41
DA:30,43
DA:31,43
DA:32,43
DA:33,43
DA:34,1
DA:35,1
DA:36,1
DA:37,1
LF:37
LH:37
BRDA:20,0,0,43
BRDA:22,1,0,0
BRDA:22,2,0,0
BRDA:24,3,0,0
BRDA:25,4,0,2
BRDA:25,5,0,41
BRDA:27,6,0,0
BRDA:27,7,0,41
BRDA:30,8,0,0
BRDA:30,9,0,41
BRDA:30,10,0,41
BRF:11
BRH:6
end_of_record
TN:
SF:packages/base/dist/cjs/alert/alert.js
FN:24,_getRequireWildcardCache
FN:24,_getRequireWildcardCache
FN:25,_interopRequireWildcard
FN:26,ownKeys
FN:27,_objectSpread
FN:31,Alert
FN:51,getType
FN:60,getRootProps
FN:64,getCloseable
FN:72,handleClose
FN:82,renderIcon
FN:100,renderTitle
FN:106,renderClose
FNF:13
FNH:13
FNDA:30,_getRequireWildcardCache
FNDA:30,_getRequireWildcardCache
FNDA:30,_interopRequireWildcard
FNDA:216,ownKeys
FNDA:216,_objectSpread
FNDA:111,Alert
FNDA:111,getType
FNDA:108,getRootProps
FNDA:108,getCloseable
FNDA:23,handleClose
FNDA:45,renderIcon
FNDA:6,renderTitle
FNDA:67,renderClose
DA:1,1
DA:2,1
DA:3,1
DA:4,1
DA:5,1
DA:6,1
DA:7,1
DA:8,1
DA:9,1
DA:10,1
DA:11,1
DA:12,1
DA:13,1
DA:14,1
DA:15,1
DA:16,1
DA:17,1
DA:18,1
DA:19,1
DA:20,1
DA:21,1
DA:22,1
DA:23,1
DA:24,30
DA:25,30
DA:26,216
DA:27,216
DA:28,1
DA:29,1
DA:30,1
DA:31,1
DA:32,111
DA:33,111
DA:34,111
DA:35,111
DA:36,111
DA:37,111
DA:38,111
DA:39,111
DA:40,111
DA:41,111
DA:42,111
DA:43,111
DA:44,111
DA:45,111
DA:46,111
DA:47,111
DA:48,111
DA:49,111
DA:50,111
DA:51,111
DA:52,111
DA:53,0
DA:54,0
DA:55,111
DA:56,111
DA:57,111
DA:58,111
DA:59,111
DA:60,111
DA:61,108
DA:62,111
DA:63,111
DA:64,111
DA:65,108
DA:66,34
DA:67,34
DA:68,108
DA:69,2
DA:70,2
DA:71,111
DA:72,111
DA:73,23
DA:74,22
DA:75,22
DA:76,23
DA:77,4
DA:78,4
DA:79,4
DA:80,4
DA:81,111
DA:82,111
DA:83,45
DA:84,45
DA:85,18
DA:86,18
DA:87,45
DA:88,43
DA:89,43
DA:90,43
DA:91,43
DA:92,43
DA:93,43
DA:94,2
DA:95,2
DA:96,2
DA:97,2
DA:98,2
DA:99,111
DA:100,111
DA:101,6
DA:102,6
DA:103,6
DA:104,6
DA:105,111
DA:106,111
DA:107,67
DA:108,2
DA:109,2
DA:110,65
DA:111,65
DA:112,65
DA:113,67
DA:114,67
DA:115,111
DA:116,111
DA:117,3
DA:118,3
DA:119,111
DA:120,6
DA:121,6
DA:122,6
DA:123,6
DA:124,6
DA:125,6
DA:126,6
DA:127,6
DA:128,6
DA:129,6
DA:130,6
DA:131,6
DA:132,102
DA:133,102
DA:134,102
DA:135,111
DA:136,111
DA:137,111
DA:138,111
DA:139,111
DA:140,111
DA:141,111
DA:142,111
DA:143,111
DA:144,1
DA:145,1
LF:145
LH:143
BRDA:24,0,0,30
BRDA:24,1,0,0
BRDA:24,2,0,30
BRDA:24,3,0,0
BRDA:25,4,0,30
BRDA:25,5,0,0
BRDA:25,6,0,0
BRDA:25,7,0,0
BRDA:25,8,0,0
BRDA:25,9,0,1050
BRDA:25,10,0,0
BRDA:25,11,0,0
BRDA:26,12,0,216
BRDA:27,13,0,216
BRDA:27,14,0,324
BRDA:27,15,0,0
BRDA:27,16,0,216
BRDA:27,17,0,108
BRDA:27,18,0,0
BRDA:27,19,0,72
BRDA:31,20,0,111
BRDA:35,21,0,68
BRDA:35,22,0,43
BRDA:58,23,0,0
BRDA:58,24,0,0
BRDA:58,25,0,0
BRDA:116,26,0,3
BRDA:118,27,0,108
BRDA:119,28,0,76
BRDA:119,29,0,6
BRDA:123,30,0,3
BRDA:129,31,0,5
BRDA:131,32,0,102
BRDA:135,33,0,42
BRDA:141,34,0,62
BRDA:51,35,0,111
BRDA:52,36,0,0
BRDA:60,37,0,108
BRDA:64,38,0,108
BRDA:65,39,0,74
BRDA:65,40,0,74
BRDA:65,41,0,46
BRDA:65,42,0,34
BRDA:68,43,0,3
BRDA:68,44,0,2
BRDA:72,45,0,23
BRDA:73,46,0,22
BRDA:73,47,0,22
BRDA:76,48,0,19
BRDA:76,49,0,4
BRDA:78,50,0,4
BRDA:82,51,0,45
BRDA:84,52,0,18
BRDA:87,53,0,43
BRDA:93,54,0,2
BRDA:100,55,0,6
BRDA:106,56,0,67
BRDA:107,57,0,2
BRDA:109,58,0,65
BRDA:113,59,0,63
BRF:60
BRH:46
end_of_record
TN:
SF:packages/base/dist/cjs/alert/index.js
FN:8,get
FN:14,get
FN:19,_interopRequireDefault
FNF:3
FNH:3
FNDA:30,get
FNDA:88,get
FNDA:30,_interopRequireDefault
DA:1,1
DA:2,1
DA:3,1
DA:4,1
DA:5,1
DA:6,1
DA:7,1
DA:8,1
DA:9,30
DA:10,30
DA:11,1
DA:12,1
DA:13,1
DA:14,1
DA:15,88
DA:16,88
DA:17,1
DA:18,1
DA:19,30
LF:19
LH:19
BRDA:8,0,0,30
BRDA:14,1,0,88
BRDA:19,2,0,30
BRDA:19,3,0,0
BRF:4
BRH:3
end_of_record
TN:
SF:packages/base/dist/cjs/animation-list/animation-list.js
FN:3,_typeof
FN:3,_typeof
FN:3,_typeof
FN:12,_getRequireWildcardCache
FN:12,_getRequireWildcardCache
FN:13,_interopRequireWildcard
FN:14,ownKeys
FN:15,_objectSpread
FN:16,_defineProperty
FN:17,_toPropertyKey
FN:18,_toPrimitive
FN:19,_slicedToArray
FN:20,_nonIterableRest
FN:21,_unsupportedIterableToArray
FN:22,_arrayLikeToArray
FN:23,_iterableToArrayLimit
FN:24,_arrayWithHoles
FN:25,_objectWithoutProperties
FN:26,_objectWithoutPropertiesLoose
FN:27,getDuration
FN:38,AnimationList
FN:74,getTransition
FN:88,getElInfo
FN:109,beforeEnter
FN:133,enter
FN:150,afterEnter
FN:159,beforeLeave
FN:176,leave
FN:193,afterLeave
FN:206,cleanTimer
FN:211,showList
FN:234,hideList
FNF:32
FNH:26
FNDA:30,_typeof
FNDA:7268,_typeof
FNDA:0,_typeof
FNDA:30,_getRequireWildcardCache
FNDA:30,_getRequireWildcardCache
FNDA:30,_interopRequireWildcard
FNDA:2294,ownKeys
FNDA:2294,_objectSpread
FNDA:3619,_defineProperty
FNDA:3619,_toPropertyKey
FNDA:3619,_toPrimitive
FNDA:442,_slicedToArray
FNDA:0,_nonIterableRest
FNDA:0,_unsupportedIterableToArray
FNDA:0,_arrayLikeToArray
FNDA:0,_iterableToArrayLimit
FNDA:442,_arrayWithHoles
FNDA:442,_objectWithoutProperties
FNDA:442,_objectWithoutPropertiesLoose
FNDA:440,getDuration
FNDA:442,AnimationList
FNDA:442,getTransition
FNDA:0,getElInfo
FNDA:15,beforeEnter
FNDA:14,enter
FNDA:12,afterEnter
FNDA:172,beforeLeave
FNDA:132,leave
FNDA:24,afterLeave
FNDA:333,cleanTimer
FNDA:15,showList
FNDA:173,hideList
DA:1,1
DA:2,1
DA:3,30
DA:4,1
DA:5,1
DA:6,1
DA:7,1
DA:8,1
DA:9,1
DA:10,1
DA:11,1
DA:12,30
DA:13,30
DA:14,2294
DA:15,2294
DA:16,3619
DA:17,3619
DA:18,3619
DA:19,442
DA:20,0
DA:21,0
DA:22,0
DA:23,0
DA:24,442
DA:25,442
DA:26,442
DA:27,1
DA:28,440
DA:29,440
DA:30,440
DA:31,440
DA:32,0
DA:33,440
DA:34,0
DA:35,440
DA:36,440
DA:37,1
DA:38,1
DA:39,442
DA:40,442
DA:41,442
DA:42,442
DA:43,442
DA:44,442
DA:45,442
DA:46,442
DA:47,442
DA:48,442
DA:49,442
DA:50,442
DA:51,442
DA:52,442
DA:53,442
DA:54,442
DA:55,442
DA:56,442
DA:57,442
DA:58,442
DA:59,442
DA:60,442
DA:61,442
DA:62,442
DA:63,442
DA:64,442
DA:65,442
DA:66,442
DA:67,442
DA:68,442
DA:69,169
DA:70,169
DA:71,169
DA:72,169
DA:73,442
DA:74,442
DA:75,442
DA:76,442
DA:77,442
DA:78,442
DA:79,442
DA:80,0
DA:81,0
DA:82,442
DA:83,0
DA:84,0
DA:85,442
DA:86,442
DA:87,442
DA:88,442
DA:89,0
DA:90,0
DA:91,0
DA:92,0
DA:93,0
DA:94,0
DA:95,0
DA:96,0
DA:97,0
DA:98,0
DA:99,0
DA:100,0
DA:101,0
DA:102,0
DA:103,0
DA:104,0
DA:105,0
DA:106,0
DA:107,0
DA:108,442
DA:109,442
DA:110,15
DA:111,15
DA:112,15
DA:113,15
DA:114,15
DA:115,15
DA:116,15
DA:117,0
DA:118,0
DA:119,0
DA:120,0
DA:121,0
DA:122,0
DA:123,15
DA:124,15
DA:125,15
DA:126,15
DA:127,0
DA:128,0
DA:129,15
DA:130,15
DA:131,15
DA:132,442
DA:133,442
DA:134,14
DA:135,14
DA:136,14
DA:137,14
DA:138,0
DA:139,0
DA:140,14
DA:141,14
DA:142,14
DA:143,14
DA:144,0
DA:145,0
DA:146,14
DA:147,13
DA:148,14
DA:149,442
DA:150,442
DA:151,12
DA:152,12
DA:153,0
DA:154,0
DA:155,12
DA:156,11
DA:157,12
DA:158,442
DA:159,442
DA:160,172
DA:161,172
DA:162,172
DA:163,0
DA:164,0
DA:165,0
DA:166,172
DA:167,172
DA:168,172
DA:169,172
DA:170,0
DA:171,0
DA:172,172
DA:173,172
DA:174,172
DA:175,442
DA:176,442
DA:177,132
DA:178,132
DA:179,132
DA:180,132
DA:181,0
DA:182,0
DA:183,132
DA:184,132
DA:185,132
DA:186,132
DA:187,0
DA:188,0
DA:189,132
DA:190,31
DA:191,132
DA:192,442
DA:193,442
DA:194,24
DA:195,24
DA:196,0
DA:197,0
DA:198,0
DA:199,24
DA:200,24
DA:201,24
DA:202,24
DA:203,5
DA:204,24
DA:205,442
DA:206,442
DA:207,333
DA:208,442
DA:209,442
DA:210,442
DA:211,442
DA:212,15
DA:213,15
DA:214,15
DA:215,0
DA:216,0
DA:217,0
DA:218,0
DA:219,0
DA:220,0
DA:221,0
DA:222,15
DA:223,15
DA:224,15
DA:225,14
DA:226,14
DA:227,14
DA:228,12
DA:229,14
DA:230,15
DA:231,442
DA:232,442
DA:233,442
DA:234,442
DA:235,173
DA:236,173
DA:237,173
DA:238,1
DA:239,1
DA:240,1
DA:241,1
DA:242,1
DA:243,1
DA:244,1
DA:245,172
DA:246,172
DA:247,172
DA:248,132
DA:249,132
DA:250,132
DA:251,24
DA:252,132
DA:253,172
DA:254,442
DA:255,442
DA:256,188
DA:257,15
DA:258,188
DA:259,173
DA:260,173
DA:261,442
DA:262,442
DA:263,442
DA:264,442
DA:265,442
DA:266,442
DA:267,442
DA:268,442
DA:269,442
DA:270,442
DA:271,442
DA:272,1
DA:273,1
LF:273
LH:211
BRDA:3,0,0,30
BRDA:3,1,0,0
BRDA:3,2,0,7268
BRDA:12,3,0,30
BRDA:12,4,0,0
BRDA:12,5,0,30
BRDA:12,6,0,0
BRDA:13,7,0,30
BRDA:13,8,0,0
BRDA:13,9,0,0
BRDA:13,10,0,0
BRDA:13,11,0,0
BRDA:13,12,0,1050
BRDA:13,13,0,0
BRDA:13,14,0,0
BRDA:14,15,0,2294
BRDA:15,16,0,2294
BRDA:15,17,0,2737
BRDA:15,18,0,0
BRDA:15,19,0,2294
BRDA:15,20,0,443
BRDA:15,21,0,0
BRDA:15,22,0,3619
BRDA:16,23,0,3619
BRDA:16,24,0,122
BRDA:16,25,0,3497
BRDA:17,26,0,3619
BRDA:17,27,0,0
BRDA:18,28,0,3619
BRDA:18,29,0,0
BRDA:18,30,0,0
BRDA:18,31,0,0
BRDA:19,32,0,442
BRDA:19,33,0,0
BRDA:19,34,0,0
BRDA:19,35,0,0
BRDA:24,36,0,442
BRDA:25,37,0,442
BRDA:25,38,0,0
BRDA:25,39,0,0
BRDA:26,40,0,442
BRDA:26,41,0,0
BRDA:26,42,0,3976
BRDA:26,43,0,3852
BRDA:26,44,0,124
BRDA:27,45,0,440
BRDA:31,46,0,0
BRDA:33,47,0,0
BRDA:38,48,0,442
BRDA:40,49,0,2
BRDA:40,50,0,440
BRDA:49,51,0,438
BRDA:49,52,0,4
BRDA:52,53,0,55
BRDA:52,54,0,387
BRDA:66,55,0,440
BRDA:66,56,0,2
BRDA:67,57,0,0
BRDA:68,58,0,169
BRDA:70,59,0,169
BRDA:74,60,0,442
BRDA:79,61,0,0
BRDA:82,62,0,0
BRDA:109,63,0,15
BRDA:116,64,0,0
BRDA:126,65,0,0
BRDA:113,66,0,15
BRDA:129,67,0,15
BRDA:133,68,0,14
BRDA:137,69,0,0
BRDA:143,70,0,0
BRDA:146,71,0,13
BRDA:150,72,0,12
BRDA:152,73,0,0
BRDA:155,74,0,11
BRDA:159,75,0,172
BRDA:162,76,0,0
BRDA:169,77,0,0
BRDA:172,78,0,172
BRDA:176,79,0,132
BRDA:180,80,0,0
BRDA:186,81,0,0
BRDA:189,82,0,31
BRDA:193,83,0,24
BRDA:195,84,0,0
BRDA:202,85,0,5
BRDA:206,86,0,333
BRDA:211,87,0,15
BRDA:212,88,0,0
BRDA:214,89,0,0
BRDA:224,90,0,14
BRDA:227,91,0,12
BRDA:234,92,0,173
BRDA:236,93,0,0
BRDA:237,94,0,1
BRDA:244,95,0,172
BRDA:238,96,0,1
BRDA:247,97,0,132
BRDA:250,98,0,24
BRDA:255,99,0,188
BRDA:256,100,0,15
BRDA:258,101,0,173
BRF:102
BRH:63
end_of_record
TN:
SF:packages/base/dist/cjs/animation-list/index.js
FN:8,get
FN:14,get
FN:19,_interopRequireDefault
FNF:3
FNH:2
FNDA:0,get
FNDA:261,get
FNDA:30,_interopRequireDefault
DA:1,1
DA:2,1
DA:3,1
DA:4,1
DA:5,1
DA:6,1
DA:7,1
DA:8,1
DA:9,0
DA:10,0
DA:11,1
DA:12,1
DA:13,1
DA:14,1
DA:15,261
DA:16,261
DA:17,1
DA:18,1
DA:19,30
LF:19
LH:17
BRDA:14,0,0,261
BRDA:19,1,0,30
BRDA:19,2,0,0
BRF:3
BRH:2
end_of_record
TN:
SF:packages/base/dist/cjs/breadcrumb/breadcrumb.js
FN:21,ownKeys
FN:22,_objectSpread
FN:24,Breadcrumb
FN:33,renderItem
FN:59,renderArray
FN:67,getRenderData
FNF:6
FNH:6
FNDA:44,ownKeys
FNDA:44,_objectSpread
FNDA:23,Breadcrumb
FNDA:59,renderItem
FNDA:1,renderArray
FNDA:23,getRenderData
DA:1,1
DA:2,1
DA:3,1
DA:4,1
DA:5,1
DA:6,1
DA:7,1
DA:8,1
DA:9,1
DA:10,1
DA:11,1
DA:12,1
DA:13,1
DA:14,1
DA:15,1
DA:16,1
DA:17,1
DA:18,1
DA:19,1
DA:20,1
DA:21,44
DA:22,44
DA:23,1
DA:24,1
DA:25,23
DA:26,23
DA:27,23
DA:28,23
DA:29,23
DA:30,23
DA:31,23
DA:32,23
DA:33,23
DA:34,59
DA:35,59
DA:36,59
DA:37,48
DA:38,22
DA:39,22
DA:40,22
DA:41,22
DA:42,22
DA:43,22
DA:44,22
DA:45,1
DA:46,22
DA:47,22
DA:48,48
DA:49,26
DA:50,26
DA:51,26
DA:52,3
DA:53,26
DA:54,26
DA:55,26
DA:56,48
DA:57,59
DA:58,23
DA:59,23
DA:60,1
DA:61,1
DA:62,1
DA:63,1
DA:64,1
DA:65,23
DA:66,23
DA:67,23
DA:68,23
DA:69,23
DA:70,2
DA:71,2
DA:72,2
DA:73,2
DA:74,23
DA:75,23
DA:76,23
DA:77,23
DA:78,23
DA:79,23
DA:80,23
DA:81,23
DA:82,23
DA:83,23
DA:84,56
DA:85,56
DA:86,56
DA:87,56
DA:88,56
DA:89,56
DA:90,36
DA:91,36
DA:92,56
DA:93,56
DA:94,23
DA:95,23
DA:96,23
DA:97,1
DA:98,1
LF:98
LH:98
BRDA:21,0,0,44
BRDA:22,1,0,44
BRDA:22,2,0,66
BRDA:22,3,0,0
BRDA:22,4,0,44
BRDA:22,5,0,22
BRDA:22,6,0,0
BRDA:22,7,0,36
BRDA:24,8,0,23
BRDA:27,9,0,3
BRDA:27,10,0,20
BRDA:29,11,0,19
BRDA:29,12,0,4
BRDA:30,13,0,0
BRDA:30,14,0,0
BRDA:66,15,0,0
BRDA:33,16,0,59
BRDA:36,17,0,48
BRDA:37,18,0,40
BRDA:37,19,0,22
BRDA:41,20,0,14
BRDA:43,21,0,0
BRDA:44,22,0,2
BRDA:44,23,0,1
BRDA:48,24,0,26
BRDA:50,25,0,0
BRDA:51,26,0,3
BRDA:51,27,0,3
BRDA:57,28,0,5
BRDA:57,29,0,54
BRDA:59,30,0,1
BRDA:67,31,0,23
BRDA:68,32,0,21
BRDA:68,33,0,2
BRDA:69,34,0,0
BRDA:69,35,0,2
BRDA:74,36,0,0
BRDA:74,37,0,2
BRDA:74,38,0,2
BRDA:74,39,0,0
BRDA:74,40,0,2
BRDA:83,41,0,56
BRDA:84,42,0,1
BRDA:84,43,0,55
BRDA:86,44,0,7
BRDA:88,45,0,0
BRDA:89,46,0,1
BRDA:89,47,0,55
BRDA:89,48,0,37
BRDA:89,49,0,36
BRDA:90,50,0,0
BRDA:93,51,0,0
BRF:52
BRH:39
end_of_record
TN:
SF:packages/base/dist/cjs/breadcrumb/index.js
FN:9,get
FN:15,get
FNF:2
FNH:1
FNDA:23,get
FNDA:0,get
DA:1,1
DA:2,1
DA:3,1
DA:4,1
DA:5,1
DA:6,1
DA:7,1
DA:8,1
DA:9,1
DA:10,23
DA:11,23
DA:12,1
DA:13,1
DA:14,1
DA:15,1
DA:16,0
DA:17,0
DA:18,1
DA:19,1
LF:19
LH:17
BRDA:9,0,0,23
BRF:1
BRH:1
end_of_record
TN:
SF:packages/base/dist/cjs/breadcrumb/list.js
FN:22,ownKeys
FN:23,_objectSpread
FN:24,List
FN:41,renderList
FNF:4
FNH:4
FNDA:2,ownKeys
FNDA:2,_objectSpread
FNDA:1,List
FNDA:1,renderList
DA:1,1
DA:2,1
DA:3,1
DA:4,1
DA:5,1
DA:6,1
DA:7,1
DA:8,1
DA:9,1
DA:10,1
DA:11,1
DA:12,1
DA:13,1
DA:14,1
DA:15,1
DA:16,1
DA:17,1
DA:18,1
DA:19,1
DA:20,1
DA:21,1
DA:22,2
DA:23,2
DA:24,1
DA:25,1
DA:26,1
DA:27,1
DA:28,1
DA:29,1
DA:30,1
DA:31,1
DA:32,1
DA:33,1
DA:34,1
DA:35,1
DA:36,1
DA:37,1
DA:38,1
DA:39,1
DA:40,1
DA:41,1
DA:42,1
DA:43,3
DA:44,3
DA:45,3
DA:46,3
DA:47,3
DA:48,1
DA:49,1
DA:50,1
DA:51,1
DA:52,1
DA:53,1
DA:54,1
DA:55,1
DA:56,1
DA:57,1
DA:58,1
DA:59,1
DA:60,1
DA:61,1
DA:62,1
DA:63,1
DA:64,1
DA:65,1
DA:66,1
DA:67,1
DA:68,1
DA:69,1
DA:70,1
DA:71,1
DA:72,1
DA:73,1
DA:74,1
DA:75,1
DA:76,1
DA:77,1
DA:78,1
DA:79,1
DA:80,1
DA:81,1
DA:82,1
LF:82
LH:82
BRDA:22,0,0,2
BRDA:23,1,0,2
BRDA:23,2,0,3
BRDA:23,3,0,0
BRDA:23,4,0,2
BRDA:23,5,0,1
BRDA:23,6,0,0
BRDA:23,7,0,2
BRDA:24,8,0,1
BRDA:26,9,0,0
BRDA:26,10,0,0
BRDA:57,11,0,0
BRDA:59,12,0,0
BRDA:59,13,0,0
BRDA:70,14,0,0
BRDA:41,15,0,1
BRDA:42,16,0,3
BRDA:44,17,0,0
BRF:18
BRH:9
end_of_record
TN:
SF:packages/base/dist/cjs/button/button-group.js
FN:3,_typeof
FN:3,_typeof
FN:3,_typeof
FN:11,_interopRequireDefault
FN:12,_getRequireWildcardCache
FN:12,_getRequireWildcardCache
FN:13,_interopRequireWildcard
FN:14,Group
FNF:8
FNH:7
FNDA:30,_typeof
FNDA:30,_typeof
FNDA:0,_typeof
FNDA:30,_interopRequireDefault
FNDA:30,_getRequireWildcardCache
FNDA:30,_getRequireWildcardCache
FNDA:30,_interopRequireWildcard
FNDA:46,Group
DA:1,1
DA:2,1
DA:3,30
DA:4,1
DA:5,1
DA:6,1
DA:7,1
DA:8,1
DA:9,1
DA:10,1
DA:11,30
DA:12,30
DA:13,30
DA:14,1
DA:15,46
DA:16,46
DA:17,46
DA:18,46
DA:19,46
DA:20,46
DA:21,46
DA:22,46
DA:23,46
DA:24,46
DA:25,46
DA:26,46
DA:27,2
DA:28,2
DA:29,46
DA:30,46
DA:31,46
DA:32,46
DA:33,46
DA:34,46
DA:35,46
DA:36,46
DA:37,98
DA:38,98
DA:39,98
DA:40,98
DA:41,98
DA:42,98
DA:43,98
DA:44,98
DA:45,46
DA:46,46
DA:47,46
DA:48,1
DA:49,1
LF:49
LH:49
BRDA:3,0,0,30
BRDA:3,1,0,0
BRDA:3,2,0,30
BRDA:11,3,0,30
BRDA:11,4,0,0
BRDA:12,5,0,30
BRDA:12,6,0,0
BRDA:12,7,0,30
BRDA:12,8,0,0
BRDA:13,9,0,30
BRDA:13,10,0,0
BRDA:13,11,0,0
BRDA:13,12,0,0
BRDA:13,13,0,0
BRDA:13,14,0,1050
BRDA:13,15,0,0
BRDA:13,16,0,0
BRDA:14,17,0,46
BRDA:26,18,0,44
BRDA:26,19,0,2
BRDA:29,20,0,36
BRDA:29,21,0,0
BRDA:29,22,0,2
BRDA:29,23,0,34
BRDA:30,24,0,0
BRDA:30,25,0,0
BRDA:30,26,0,0
BRDA:31,27,0,0
BRDA:31,28,0,2
BRDA:31,29,0,1
BRDA:31,30,0,0
BRDA:32,31,0,2
BRDA:32,32,0,44
BRDA:36,33,0,98
BRDA:40,34,0,58
BRDA:42,35,0,81
BRF:36
BRH:20
end_of_record
TN:
SF:packages/base/dist/cjs/button/button.js
FN:21,ownKeys
FN:22,_objectSpread
FN:23,Button
FN:54,getType
FN:58,getMode
FN:70,getSpinSize
FNF:6
FNH:6
FNDA:2082,ownKeys
FNDA:2082,_objectSpread
FNDA:695,Button
FNDA:694,getType
FNDA:694,getMode
FNDA:694,getSpinSize
DA:1,1
DA:2,1
DA:3,1
DA:4,1
DA:5,1
DA:6,1
DA:7,1
DA:8,1
DA:9,1
DA:10,1
DA:11,1
DA:12,1
DA:13,1
DA:14,1
DA:15,1
DA:16,1
DA:17,1
DA:18,1
DA:19,1
DA:20,1
DA:21,2082
DA:22,2082
DA:23,1
DA:24,695
DA:25,695
DA:26,695
DA:27,695
DA:28,695
DA:29,695
DA:30,695
DA:31,695
DA:32,695
DA:33,695
DA:34,695
DA:35,695
DA:36,695
DA:37,695
DA:38,695
DA:39,695
DA:40,695
DA:41,695
DA:42,695
DA:43,695
DA:44,695
DA:45,695
DA:46,695
DA:47,695
DA:48,695
DA:49,695
DA:50,695
DA:51,695
DA:52,695
DA:53,695
DA:54,695
DA:55,694
DA:56,394
DA:57,695
DA:58,695
DA:59,694
DA:60,425
DA:61,695
DA:62,695
DA:63,695
DA:64,695
DA:65,695
DA:66,695
DA:67,695
DA:68,695
DA:69,695
DA:70,695
DA:71,694
DA:72,68
DA:73,68
DA:74,694
DA:75,12
DA:76,12
DA:77,614
DA:78,695
DA:79,695
DA:80,695
DA:81,695
DA:82,0
DA:83,0
DA:84,694
DA:85,694
DA:86,694
DA:87,694
DA:88,694
DA:89,694
DA:90,694
DA:91,694
DA:92,695
DA:93,0
DA:94,0
DA:95,695
DA:96,2
DA:97,2
DA:98,2
DA:99,2
DA:100,2
DA:101,2
DA:102,2
DA:103,2
DA:104,2
DA:105,2
DA:106,692
DA:107,692
DA:108,692
DA:109,692
DA:110,692
DA:111,692
DA:112,692
DA:113,692
DA:114,695
DA:115,695
DA:116,695
DA:117,695
DA:118,1
DA:119,1
DA:120,1
LF:120
LH:116
BRDA:21,0,0,2082
BRDA:22,1,0,2082
BRDA:22,2,0,2776
BRDA:22,3,0,0
BRDA:22,4,0,2082
BRDA:22,5,0,694
BRDA:22,6,0,0
BRDA:22,7,0,2904
BRDA:23,8,0,695
BRDA:36,9,0,300
BRDA:36,10,0,394
BRDA:41,11,0,691
BRDA:41,12,0,3
BRDA:53,13,0,694
BRDA:53,14,0,0
BRDA:53,15,0,694
BRDA:53,16,0,0
BRDA:53,17,0,0
BRDA:64,18,0,163
BRDA:64,19,0,7
BRDA:64,20,0,156
BRDA:64,21,0,15
BRDA:64,22,0,141
BRDA:65,23,0,0
BRDA:65,24,0,183
BRDA:65,25,0,6
BRDA:65,26,0,2
BRDA:65,27,0,102
BRDA:65,28,0,16
BRDA:65,29,0,435
BRDA:65,30,0,5
BRDA:65,31,0,2
BRDA:65,32,0,122
BRDA:65,33,0,68
BRDA:65,34,0,12
BRDA:81,35,0,0
BRDA:83,36,0,694
BRDA:92,37,0,0
BRDA:94,38,0,694
BRDA:95,39,0,2
BRDA:95,40,0,2
BRDA:103,41,0,0
BRDA:105,42,0,692
BRDA:114,43,0,6
BRDA:54,44,0,694
BRDA:55,45,0,300
BRDA:55,46,0,394
BRDA:58,47,0,694
BRDA:59,48,0,300
BRDA:59,49,0,269
BRDA:59,50,0,425
BRDA:70,51,0,694
BRDA:71,52,0,68
BRDA:73,53,0,626
BRDA:74,54,0,12
BRDA:76,55,0,614
BRF:56
BRH:47
end_of_record
TN:
SF:packages/base/dist/cjs/button/index.js
FN:8,get
FN:14,get
FN:20,get
FN:26,_interopRequireDefault
FNF:4
FNH:4
FNDA:328,get
FNDA:27,get
FNDA:288,get
FNDA:60,_interopRequireDefault
DA:1,1
DA:2,1
DA:3,1
DA:4,1
DA:5,1
DA:6,1
DA:7,1
DA:8,1
DA:9,328
DA:10,328
DA:11,1
DA:12,1
DA:13,1
DA:14,1
DA:15,27
DA:16,27
DA:17,1
DA:18,1
DA:19,1
DA:20,1
DA:21,288
DA:22,288
DA:23,1
DA:24,1
DA:25,1
DA:26,60
LF:26
LH:26
BRDA:8,0,0,328
BRDA:14,1,0,27
BRDA:20,2,0,288
BRDA:26,3,0,60
BRDA:26,4,0,0
BRF:5
BRH:4
end_of_record
TN:
SF:packages/base/dist/cjs/carousel/carousel.js
FN:12,_interopRequireDefault
FN:13,_typeof
FN:13,_typeof
FN:13,_typeof
FN:14,ownKeys
FN:15,_objectSpread
FN:16,_defineProperty
FN:17,_toPropertyKey
FN:18,_toPrimitive
FN:19,Carousel
FN:39,renderItems
FN:55,renderArrow
FN:70,renderIndicator
FN:104,onClick
FNF:14
FNH:13
FNDA:90,_interopRequireDefault
FNDA:1,_typeof
FNDA:14,_typeof
FNDA:0,_typeof
FNDA:68,ownKeys
FNDA:68,_objectSpread
FNDA:7,_defineProperty
FNDA:7,_toPropertyKey
FNDA:7,_toPrimitive
FNDA:34,Carousel
FNDA:34,renderItems
FNDA:34,renderArrow
FNDA:34,renderIndicator
FNDA:3,onClick
DA:1,1
DA:2,1
DA:3,1
DA:4,1
DA:5,1
DA:6,1
DA:7,1
DA:8,1
DA:9,1
DA:10,1
DA:11,1
DA:12,90
DA:13,1
DA:14,68
DA:15,68
DA:16,7
DA:17,7
DA:18,7
DA:19,1
DA:20,34
DA:21,34
DA:22,34
DA:23,34
DA:24,34
DA:25,34
DA:26,34
DA:27,34
DA:28,34
DA:29,34
DA:30,34
DA:31,34
DA:32,34
DA:33,34
DA:34,34
DA:35,34
DA:36,34
DA:37,34
DA:38,34
DA:39,34
DA:40,34
DA:41,34
DA:42,34
DA:43,34
DA:44,34
DA:45,34
DA:46,34
DA:47,121
DA:48,121
DA:49,121
DA:50,121
DA:51,121
DA:52,34
DA:53,34
DA:54,34
DA:55,34
DA:56,34
DA:57,10
DA:58,34
DA:59,34
DA:60,34
DA:61,34
DA:62,34
DA:63,34
DA:64,34
DA:65,34
DA:66,34
DA:67,34
DA:68,34
DA:69,34
DA:70,34
DA:71,34
DA:72,32
DA:73,34
DA:74,1
DA:75,34
DA:76,1
DA:77,1
DA:78,1
DA:79,1
DA:80,1
DA:81,1
DA:82,1
DA:83,1
DA:84,1
DA:85,1
DA:86,1
DA:87,1
DA:88,1
DA:89,1
DA:90,1
DA:91,1
DA:92,1
DA:93,1
DA:94,1
DA:95,1
DA:96,31
DA:97,30
DA:98,30
DA:99,30
DA:100,30
DA:101,112
DA:102,112
DA:103,112
DA:104,112
DA:105,3
DA:106,3
DA:107,112
DA:108,30
DA:109,30
DA:110,30
DA:111,32
DA:112,34
DA:113,34
DA:114,34
DA:115,34
DA:116,34
DA:117,34
DA:118,34
DA:119,34
DA:120,34
DA:121,34
DA:122,34
DA:123,34
DA:124,34
DA:125,34
DA:126,1
DA:127,1
LF:127
LH:127
BRDA:12,0,0,90
BRDA:12,1,0,30
BRDA:12,2,0,60
BRDA:13,3,0,1
BRDA:13,4,0,0
BRDA:13,5,0,14
BRDA:14,6,0,68
BRDA:15,7,0,68
BRDA:15,8,0,102
BRDA:15,9,0,72
BRDA:15,10,0,30
BRDA:15,11,0,68
BRDA:15,12,0,34
BRDA:15,13,0,0
BRDA:15,14,0,7
BRDA:16,15,0,7
BRDA:16,16,0,0
BRDA:17,17,0,7
BRDA:17,18,0,0
BRDA:18,19,0,7
BRDA:18,20,0,0
BRDA:18,21,0,0
BRDA:18,22,0,0
BRDA:19,23,0,34
BRDA:22,24,0,31
BRDA:22,25,0,3
BRDA:24,26,0,30
BRDA:24,27,0,4
BRDA:26,28,0,29
BRDA:26,29,0,5
BRDA:28,30,0,0
BRDA:28,31,0,0
BRDA:38,32,0,0
BRDA:38,33,0,32
BRDA:38,34,0,0
BRDA:38,35,0,1
BRDA:38,36,0,0
BRDA:38,37,0,1
BRDA:38,38,0,0
BRDA:38,39,0,8
BRDA:38,40,0,0
BRDA:38,41,0,2
BRDA:38,42,0,0
BRDA:38,43,0,24
BRDA:38,44,0,0
BRDA:39,45,0,34
BRDA:42,46,0,0
BRDA:44,47,0,30
BRDA:44,48,0,4
BRDA:46,49,0,121
BRDA:47,50,0,0
BRDA:47,51,0,33
BRDA:47,52,0,0
BRDA:47,53,0,10
BRDA:47,54,0,10
BRDA:47,55,0,0
BRDA:55,56,0,34
BRDA:56,57,0,24
BRDA:56,58,0,10
BRDA:58,59,0,2
BRDA:58,60,0,0
BRDA:58,61,0,10
BRDA:58,62,0,0
BRDA:58,63,0,10
BRDA:60,64,0,10
BRDA:60,65,0,0
BRDA:60,66,0,10
BRDA:60,67,0,10
BRDA:60,68,0,0
BRDA:60,69,0,10
BRDA:64,70,0,10
BRDA:64,71,0,0
BRDA:64,72,0,10
BRDA:64,73,0,10
BRDA:64,74,0,0
BRDA:64,75,0,10
BRDA:70,76,0,34
BRDA:71,77,0,2
BRDA:71,78,0,32
BRDA:73,79,0,1
BRDA:75,80,0,31
BRDA:75,81,0,1
BRDA:78,82,0,0
BRDA:82,83,0,0
BRDA:91,84,0,0
BRDA:96,85,0,30
BRDA:110,86,0,32
BRDA:112,87,0,0
BRDA:112,88,0,32
BRDA:112,89,0,29
BRDA:112,90,0,0
BRDA:112,91,0,1
BRDA:112,92,0,0
BRDA:112,93,0,1
BRDA:112,94,0,0
BRDA:112,95,0,1
BRDA:112,96,0,0
BRDA:112,97,0,28
BRDA:112,98,0,0
BRDA:112,99,0,1
BRDA:112,100,0,0
BRDA:112,101,0,1
BRDA:112,102,0,0
BRDA:112,103,0,1
BRDA:112,104,0,0
BRDA:100,105,0,112
BRDA:101,106,0,0
BRDA:101,107,0,30
BRDA:101,108,0,0
BRDA:104,109,0,3
BRF:110
BRH:70
end_of_record
TN:
SF:packages/base/dist/cjs/carousel/index.js
FN:8,get
FN:14,get
FN:19,_interopRequireDefault
FNF:3
FNH:2
FNDA:24,get
FNDA:0,get
FNDA:30,_interopRequireDefault
DA:1,1
DA:2,1
DA:3,1
DA:4,1
DA:5,1
DA:6,1
DA:7,1
DA:8,1
DA:9,24
DA:10,24
DA:11,1
DA:12,1
DA:13,1
DA:14,1
DA:15,0
DA:16,0
DA:17,1
DA:18,1
DA:19,30
LF:19
LH:17
BRDA:8,0,0,24
BRDA:19,1,0,30
BRDA:19,2,0,0
BRF:3
BRH:2
end_of_record
TN:
SF:packages/base/dist/cjs/checkbox/checkbox-group.js
FN:14,_interopRequireDefault
FN:15,Group
FN:54,getContent
FN:96,format
FN:99,renderItem
FNF:5
FNH:5
FNDA:150,_interopRequireDefault
FNDA:46,Group
FNDA:261,getContent
FNDA:153,format
FNDA:100,renderItem
DA:1,1
DA:2,1
DA:3,1
DA:4,1
DA:5,1
DA:6,1
DA:7,1
DA:8,1
DA:9,1
DA:10,1
DA:11,1
DA:12,1
DA:13,1
DA:14,150
DA:15,1
DA:16,46
DA:17,46
DA:18,46
DA:19,46
DA:20,46
DA:21,46
DA:22,46
DA:23,46
DA:24,46
DA:25,46
DA:26,46
DA:27,46
DA:28,46
DA:29,46
DA:30,46
DA:31,46
DA:32,46
DA:33,46
DA:34,46
DA:35,46
DA:36,46
DA:37,46
DA:38,46
DA:39,46
DA:40,46
DA:41,46
DA:42,46
DA:43,46
DA:44,46
DA:45,13
DA:46,12
DA:47,13
DA:48,1
DA:49,1
DA:50,46
DA:51,46
DA:52,28
DA:53,46
DA:54,46
DA:55,261
DA:56,261
DA:57,133
DA:58,133
DA:59,128
DA:60,128
DA:61,128
DA:62,0
DA:63,46
DA:64,46
DA:65,46
DA:66,46
DA:67,46
DA:68,46
DA:69,46
DA:70,46
DA:71,7
DA:72,7
DA:73,7
DA:74,7
DA:75,7
DA:76,7
DA:77,7
DA:78,46
DA:79,39
DA:80,39
DA:81,39
DA:82,39
DA:83,261
DA:84,261
DA:85,261
DA:86,261
DA:87,261
DA:88,261
DA:89,261
DA:90,261
DA:91,39
DA:92,39
DA:93,39
DA:94,46
DA:95,1
DA:96,1
DA:97,153
DA:98,1
DA:99,1
DA:100,100
DA:101,100
DA:102,1
DA:103,1
DA:104,1
LF:104
LH:103
BRDA:14,0,0,150
BRDA:14,1,0,90
BRDA:14,2,0,60
BRDA:15,3,0,46
BRDA:23,4,0,0
BRDA:23,5,0,0
BRDA:41,6,0,7
BRDA:69,7,0,0
BRDA:69,8,0,2
BRDA:69,9,0,0
BRDA:70,10,0,7
BRDA:78,11,0,39
BRDA:44,12,0,13
BRDA:45,13,0,12
BRDA:47,14,0,1
BRDA:51,15,0,28
BRDA:54,16,0,261
BRDA:56,17,0,133
BRDA:58,18,0,128
BRDA:61,19,0,0
BRDA:82,20,0,261
BRDA:96,21,0,153
BRDA:99,22,0,100
BRF:23
BRH:18
end_of_record
TN:
SF:packages/base/dist/cjs/checkbox/checkbox.js
FN:3,_typeof
FN:3,_typeof
FN:3,_typeof
FN:16,_interopRequireDefault
FN:17,ownKeys
FN:18,_objectSpread
FN:19,_defineProperty
FN:20,_toPropertyKey
FN:21,_toPrimitive
FN:22,_objectWithoutProperties
FN:23,_objectWithoutPropertiesLoose
FN:24,Checkbox
FN:64,getChecked
FN:82,renderFooter
FN:98,CheckboxWithContext
FN:100,children
FNF:16
FNH:15
FNDA:5,_typeof
FNDA:29810,_typeof
FNDA:0,_typeof
FNDA:150,_interopRequireDefault
FNDA:5510,ownKeys
FNDA:5510,_objectSpread
FNDA:14905,_defineProperty
FNDA:14905,_toPropertyKey
FNDA:14905,_toPrimitive
FNDA:1382,_objectWithoutProperties
FNDA:1382,_objectWithoutPropertiesLoose
FNDA:1382,Checkbox
FNDA:1382,getChecked
FNDA:1382,renderFooter
FNDA:1359,CheckboxWithContext
FNDA:1373,children
DA:1,1
DA:2,1
DA:3,5
DA:4,1
DA:5,1
DA:6,1
DA:7,1
DA:8,1
DA:9,1
DA:10,1
DA:11,1
DA:12,1
DA:13,1
DA:14,1
DA:15,1
DA:16,150
DA:17,5510
DA:18,5510
DA:19,14905
DA:20,14905
DA:21,14905
DA:22,1382
DA:23,1382
DA:24,1
DA:25,1382
DA:26,1382
DA:27,1382
DA:28,1382
DA:29,1382
DA:30,1382
DA:31,1382
DA:32,1382
DA:33,1382
DA:34,1382
DA:35,1382
DA:36,1382
DA:37,1382
DA:38,1382
DA:39,1382
DA:40,1382
DA:41,1382
DA:42,1382
DA:43,1382
DA:44,1382
DA:45,1382
DA:46,1382
DA:47,1382
DA:48,1382
DA:49,1382
DA:50,1382
DA:51,1382
DA:52,1382
DA:53,1382
DA:54,1382
DA:55,1382
DA:56,1382
DA:57,51
DA:58,2
DA:59,2
DA:60,2
DA:61,2
DA:62,51
DA:63,1382
DA:64,1382
DA:65,1382
DA:66,28
DA:67,28
DA:68,1354
DA:69,21
DA:70,1382
DA:71,1382
DA:72,0
DA:73,0
DA:74,0
DA:75,1382
DA:76,1382
DA:77,1382
DA:78,1382
DA:79,1382
DA:80,1382
DA:81,1382
DA:82,1382
DA:83,1382
DA:84,3
DA:85,3
DA:86,3
DA:87,3
DA:88,3
DA:89,3
DA:90,3
DA:91,3
DA:92,3
DA:93,1379
DA:94,1382
DA:95,1382
DA:96,1382
DA:97,1382
DA:98,1
DA:99,1359
DA:100,1359
DA:101,1373
DA:102,1373
DA:103,1359
DA:104,1359
DA:105,1
DA:106,1
LF:106
LH:103
BRDA:3,0,0,5
BRDA:3,1,0,0
BRDA:3,2,0,29810
BRDA:16,3,0,150
BRDA:16,4,0,120
BRDA:16,5,0,30
BRDA:17,6,0,5510
BRDA:18,7,0,5510
BRDA:18,8,0,6892
BRDA:18,9,0,0
BRDA:18,10,0,5510
BRDA:18,11,0,1382
BRDA:18,12,0,0
BRDA:18,13,0,14905
BRDA:19,14,0,14905
BRDA:19,15,0,28
BRDA:19,16,0,14877
BRDA:20,17,0,14905
BRDA:20,18,0,0
BRDA:21,19,0,14905
BRDA:21,20,0,0
BRDA:21,21,0,0
BRDA:21,22,0,0
BRDA:22,23,0,1382
BRDA:22,24,0,0
BRDA:22,25,0,0
BRDA:23,26,0,1382
BRDA:23,27,0,0
BRDA:23,28,0,9596
BRDA:23,29,0,4248
BRDA:23,30,0,5348
BRDA:24,31,0,1382
BRDA:28,32,0,1086
BRDA:28,33,0,296
BRDA:35,34,0,0
BRDA:35,35,0,0
BRDA:76,36,0,7
BRDA:76,37,0,1375
BRDA:56,38,0,51
BRDA:57,39,0,2
BRDA:61,40,0,49
BRDA:62,41,0,0
BRDA:62,42,0,49
BRDA:62,43,0,41
BRDA:62,44,0,8
BRDA:64,45,0,1382
BRDA:65,46,0,28
BRDA:67,47,0,1354
BRDA:68,48,0,1333
BRDA:68,49,0,21
BRDA:82,50,0,1382
BRDA:83,51,0,5
BRDA:83,52,0,3
BRDA:87,53,0,0
BRDA:92,54,0,1379
BRDA:98,55,0,1359
BRDA:100,56,0,1373
BRF:57
BRH:43
end_of_record
TN:
SF:packages/base/dist/cjs/checkbox/group-context.js
FNF:0
FNH:0
DA:1,1
DA:2,1
DA:3,1
DA:4,1
DA:5,1
DA:6,1
DA:7,1
DA:8,1
DA:9,1
DA:10,1
LF:10
LH:10
BRF:0
BRH:0
end_of_record
TN:
SF:packages/base/dist/cjs/checkbox/index.js
FN:8,get
FN:14,get
FN:20,get
FN:26,_interopRequireDefault
FNF:4
FNH:4
FNDA:375,get
FNDA:43,get
FNDA:723,get
FNDA:60,_interopRequireDefault
DA:1,1
DA:2,1
DA:3,1
DA:4,1
DA:5,1
DA:6,1
DA:7,1
DA:8,1
DA:9,375
DA:10,375
DA:11,1
DA:12,1
DA:13,1
DA:14,1
DA:15,43
DA:16,43
DA:17,1
DA:18,1
DA:19,1
DA:20,1
DA:21,723
DA:22,723
DA:23,1
DA:24,1
DA:25,1
DA:26,60
LF:26
LH:26
BRDA:8,0,0,375
BRDA:14,1,0,43
BRDA:20,2,0,723
BRDA:26,3,0,60
BRDA:26,4,0,0
BRF:5
BRH:4
end_of_record
TN:
SF:packages/base/dist/cjs/checkbox/simple-checkbox.js
FN:3,_typeof
FN:3,_typeof
FN:3,_typeof
FN:13,_interopRequireDefault
FN:14,ownKeys
FN:15,_objectSpread
FN:16,_defineProperty
FN:17,_toPropertyKey
FN:18,_toPrimitive
FN:19,_objectWithoutProperties
FN:20,_objectWithoutPropertiesLoose
FN:21,Checkbox
FNF:12
FNH:11
FNDA:5,_typeof
FNDA:38952,_typeof
FNDA:0,_typeof
FNDA:60,_interopRequireDefault
FNDA:11056,ownKeys
FNDA:11056,_objectSpread
FNDA:19476,_defineProperty
FNDA:19476,_toPropertyKey
FNDA:19476,_toPrimitive
FNDA:1382,_objectWithoutProperties
FNDA:1382,_objectWithoutPropertiesLoose
FNDA:1382,Checkbox
DA:1,1
DA:2,1
DA:3,5
DA:4,1
DA:5,1
DA:6,1
DA:7,1
DA:8,1
DA:9,1
DA:10,1
DA:11,1
DA:12,1
DA:13,60
DA:14,11056
DA:15,11056
DA:16,19476
DA:17,19476
DA:18,19476
DA:19,1382
DA:20,1382
DA:21,1
DA:22,1382
DA:23,1382
DA:24,1382
DA:25,1382
DA:26,1382
DA:27,1382
DA:28,1382
DA:29,1382
DA:30,1382
DA:31,1382
DA:32,1382
DA:33,1382
DA:34,1382
DA:35,1382
DA:36,1382
DA:37,1382
DA:38,1382
DA:39,1382
DA:40,1382
DA:41,1382
DA:42,1382
DA:43,1382
DA:44,1382
DA:45,1382
DA:46,1382
DA:47,1382
DA:48,1382
DA:49,1382
DA:50,1382
DA:51,1382
DA:52,1382
DA:53,1382
DA:54,1382
DA:55,23
DA:56,23
DA:57,23
DA:58,23
DA:59,23
DA:60,1382
DA:61,140
DA:62,140
DA:63,140
DA:64,140
DA:65,140
DA:66,140
DA:67,140
DA:68,1359
DA:69,1382
DA:70,1382
DA:71,1382
DA:72,1382
DA:73,1382
DA:74,1382
DA:75,1382
DA:76,1
DA:77,1
LF:77
LH:77
BRDA:3,0,0,5
BRDA:3,1,0,0
BRDA:3,2,0,38952
BRDA:13,3,0,60
BRDA:13,4,0,0
BRDA:14,5,0,11056
BRDA:15,6,0,11056
BRDA:15,7,0,16584
BRDA:15,8,0,0
BRDA:15,9,0,11056
BRDA:15,10,0,5528
BRDA:15,11,0,0
BRDA:15,12,0,19476
BRDA:16,13,0,19476
BRDA:16,14,0,0
BRDA:17,15,0,19476
BRDA:17,16,0,0
BRDA:18,17,0,19476
BRDA:18,18,0,0
BRDA:18,19,0,0
BRDA:18,20,0,0
BRDA:19,21,0,1382
BRDA:19,22,0,0
BRDA:19,23,0,0
BRDA:20,24,0,1382
BRDA:20,25,0,0
BRDA:20,26,0,10902
BRDA:20,27,0,6628
BRDA:20,28,0,4274
BRDA:21,29,0,1382
BRDA:31,30,0,0
BRDA:31,31,0,0
BRDA:33,32,0,23
BRDA:33,33,0,1359
BRDA:34,34,0,0
BRDA:41,35,0,0
BRDA:41,36,0,24
BRDA:41,37,0,0
BRDA:41,38,0,12
BRDA:41,39,0,0
BRDA:41,40,0,61
BRDA:41,41,0,0
BRDA:41,42,0,163
BRDA:41,43,0,0
BRDA:41,44,0,23
BRDA:41,45,0,0
BRDA:42,46,0,0
BRDA:42,47,0,779
BRDA:42,48,0,0
BRDA:53,49,0,0
BRDA:54,50,0,23
BRDA:60,51,0,1359
BRDA:60,52,0,140
BRDA:68,53,0,1219
BRDA:71,54,0,0
BRDA:73,55,0,0
BRF:56
BRH:30
end_of_record
TN:
SF:packages/base/dist/cjs/checkbox/use-checkbox-inputable.js
FN:8,_slicedToArray
FN:9,_nonIterableRest
FN:10,_unsupportedIterableToArray
FN:11,_arrayLikeToArray
FN:12,_iterableToArrayLimit
FN:13,_arrayWithHoles
FN:14,useCheckboxInputable
FN:21,onInputableCheckboxChange
FN:26,onInputChange
FNF:9
FNH:5
FNDA:1382,_slicedToArray
FNDA:0,_nonIterableRest
FNDA:0,_unsupportedIterableToArray
FNDA:0,_arrayLikeToArray
FNDA:0,_iterableToArrayLimit
FNDA:1382,_arrayWithHoles
FNDA:1382,useCheckboxInputable
FNDA:2,onInputableCheckboxChange
FNDA:1,onInputChange
DA:1,1
DA:2,1
DA:3,1
DA:4,1
DA:5,1
DA:6,1
DA:7,1
DA:8,1382
DA:9,0
DA:10,0
DA:11,0
DA:12,0
DA:13,1382
DA:14,1
DA:15,1382
DA:16,1382
DA:17,1382
DA:18,1382
DA:19,1382
DA:20,1382
DA:21,1382
DA:22,2
DA:23,2
DA:24,2
DA:25,1382
DA:26,1382
DA:27,1
DA:28,1
DA:29,1382
DA:30,1382
DA:31,1382
DA:32,1382
DA:33,1382
DA:34,1382
DA:35,1382
DA:36,1
DA:37,1
LF:37
LH:33
BRDA:8,0,0,1382
BRDA:8,1,0,0
BRDA:8,2,0,0
BRDA:8,3,0,0
BRDA:13,4,0,1382
BRDA:14,5,0,1382
BRDA:20,6,0,5
BRDA:20,7,0,1377
BRDA:21,8,0,2
BRDA:24,9,0,0
BRDA:24,10,0,0
BRDA:26,11,0,1
BRDA:28,12,0,0
BRDA:28,13,0,0
BRF:14
BRH:7
end_of_record
TN:
SF:packages/base/dist/cjs/common/use-clear.js
FN:8,useClear
FN:23,getShowClear
FNF:2
FNH:2
FNDA:231,useClear
FNDA:231,getShowClear
DA:1,1
DA:2,1
DA:3,1
DA:4,1
DA:5,1
DA:6,1
DA:7,1
DA:8,1
DA:9,231
DA:10,231
DA:11,231
DA:12,231
DA:13,231
DA:14,231
DA:15,0
DA:16,0
DA:17,231
DA:18,2
DA:19,2
DA:20,0
DA:21,0
DA:22,231
DA:23,231
DA:24,231
DA:25,227
DA:26,7
DA:27,7
DA:28,227
DA:29,0
DA:30,0
DA:31,227
DA:32,14
DA:33,231
DA:34,231
DA:35,231
DA:36,231
DA:37,231
DA:38,231
DA:39,231
DA:40,1
DA:41,1
LF:41
LH:35
BRDA:8,0,0,231
BRDA:14,1,0,0
BRDA:17,2,0,2
BRDA:18,3,0,0
BRDA:18,4,0,0
BRDA:19,5,0,0
BRDA:23,6,0,231
BRDA:24,7,0,210
BRDA:24,8,0,227
BRDA:24,9,0,21
BRDA:25,10,0,7
BRDA:27,11,0,14
BRDA:28,12,0,0
BRDA:30,13,0,14
BRDA:31,14,0,0
BRDA:31,15,0,14
BRF:16
BRH:10
end_of_record
TN:
SF:packages/base/dist/cjs/common/use-inner-title.js
FN:11,_interopRequireDefault
FN:12,useInnerTitle
FN:28,onMouseDown
FNF:3
FNH:2
FNDA:60,_interopRequireDefault
FNDA:604,useInnerTitle
FNDA:0,onMouseDown
DA:1,1
DA:2,1
DA:3,1
DA:4,1
DA:5,1
DA:6,1
DA:7,1
DA:8,1
DA:9,1
DA:10,1
DA:11,60
DA:12,1
DA:13,604
DA:14,604
DA:15,604
DA:16,604
DA:17,604
DA:18,604
DA:19,604
DA:20,604
DA:21,524
DA:22,5
DA:23,524
DA:24,524
DA:25,524
DA:26,524
DA:27,524
DA:28,524
DA:29,0
DA:30,0
DA:31,524
DA:32,524
DA:33,2
DA:34,2
DA:35,524
DA:36,524
DA:37,524
DA:38,524
DA:39,524
DA:40,524
DA:41,524
DA:42,524
DA:43,604
DA:44,604
DA:45,604
DA:46,1
DA:47,1
LF:47
LH:45
BRDA:11,0,0,60
BRDA:11,1,0,0
BRDA:12,2,0,604
BRDA:19,3,0,0
BRDA:19,4,0,15
BRDA:19,5,0,589
BRDA:20,6,0,524
BRDA:21,7,0,519
BRDA:21,8,0,5
BRDA:23,9,0,0
BRDA:23,10,0,5
BRDA:23,11,0,2
BRDA:23,12,0,0
BRDA:23,13,0,0
BRDA:23,14,0,0
BRDA:25,15,0,5
BRDA:25,16,0,0
BRDA:25,17,0,5
BRDA:32,18,0,2
BRDA:35,19,0,3
BRDA:36,20,0,5
BRDA:36,21,0,0
BRDA:36,22,0,5
BRDA:36,23,0,5
BRDA:36,24,0,0
BRDA:36,25,0,5
BRDA:37,26,0,5
BRDA:39,27,0,5
BRDA:39,28,0,0
BRDA:39,29,0,5
BRF:30
BRH:20
end_of_record
TN:
SF:packages/base/dist/cjs/common/use-tip.js
FN:10,_interopRequireDefault
FN:11,_typeof
FN:12,ownKeys
FN:13,_objectSpread
FN:14,_defineProperty
FN:15,_toPropertyKey
FN:16,_toPrimitive
FN:17,useTip
FN:35,getPopupContainer
FNF:9
FNH:5
FNDA:60,_interopRequireDefault
FNDA:0,_typeof
FNDA:2,ownKeys
FNDA:2,_objectSpread
FNDA:0,_defineProperty
FNDA:0,_toPropertyKey
FNDA:0,_toPrimitive
FNDA:437,useTip
FNDA:3,getPopupContainer
DA:1,1
DA:2,1
DA:3,1
DA:4,1
DA:5,1
DA:6,1
DA:7,1
DA:8,1
DA:9,1
DA:10,60
DA:11,0
DA:12,2
DA:13,2
DA:14,0
DA:15,0
DA:16,0
DA:17,1
DA:18,437
DA:19,437
DA:20,437
DA:21,437
DA:22,437
DA:23,437
DA:24,437
DA:25,437
DA:26,437
DA:27,437
DA:28,4
DA:29,4
DA:30,437
DA:31,437
DA:32,437
DA:33,1
DA:34,1
DA:35,1
DA:36,3
DA:37,3
DA:38,1
DA:39,1
DA:40,1
DA:41,1
DA:42,1
DA:43,1
DA:44,1
DA:45,1
DA:46,3
DA:47,3
DA:48,1
DA:49,1
LF:49
LH:45
BRDA:10,0,0,60
BRDA:10,1,0,30
BRDA:10,2,0,30
BRDA:12,3,0,2
BRDA:13,4,0,2
BRDA:13,5,0,3
BRDA:13,6,0,2
BRDA:13,7,0,1
BRDA:13,8,0,2
BRDA:13,9,0,1
BRDA:13,10,0,0
BRDA:17,11,0,437
BRDA:26,12,0,433
BRDA:26,13,0,4
BRDA:27,14,0,0
BRDA:27,15,0,0
BRDA:27,16,0,0
BRDA:27,17,0,0
BRDA:27,18,0,0
BRDA:27,19,0,0
BRDA:27,20,0,0
BRDA:27,21,0,4
BRDA:30,22,0,0
BRDA:31,23,0,0
BRDA:31,24,0,4
BRDA:31,25,0,0
BRDA:32,26,0,4
BRDA:32,27,0,3
BRDA:32,28,0,66
BRDA:32,29,0,1
BRDA:41,30,0,0
BRDA:42,31,0,0
BRDA:45,32,0,3
BRDA:35,33,0,3
BRF:34
BRH:21
end_of_record
TN:
SF:packages/base/dist/cjs/common/use-with-form-config.js
FN:8,_typeof
FN:8,_typeof
FN:8,_typeof
FN:9,ownKeys
FN:10,_objectSpread
FN:11,_defineProperty
FN:12,_toPropertyKey
FN:13,_toPrimitive
FN:14,useWithFormConfig
FNF:9
FNH:8
FNDA:13,_typeof
FNDA:11228,_typeof
FNDA:0,_typeof
FNDA:1088,ownKeys
FNDA:1088,_objectSpread
FNDA:5614,_defineProperty
FNDA:5614,_toPropertyKey
FNDA:5614,_toPrimitive
FNDA:544,useWithFormConfig
DA:1,1
DA:2,1
DA:3,1
DA:4,1
DA:5,1
DA:6,1
DA:7,1
DA:8,13
DA:9,1088
DA:10,1088
DA:11,5614
DA:12,5614
DA:13,5614
DA:14,1
DA:15,544
DA:16,544
DA:17,544
DA:18,544
DA:19,544
DA:20,544
DA:21,544
DA:22,544
DA:23,1
DA:24,1
DA:25,1
LF:25
LH:25
BRDA:8,0,0,13
BRDA:8,1,0,0
BRDA:8,2,0,11228
BRDA:9,3,0,1088
BRDA:10,4,0,1088
BRDA:10,5,0,1632
BRDA:10,6,0,0
BRDA:10,7,0,1088
BRDA:10,8,0,544
BRDA:10,9,0,0
BRDA:10,10,0,5614
BRDA:11,11,0,5614
BRDA:11,12,0,0
BRDA:12,13,0,5614
BRDA:12,14,0,0
BRDA:13,15,0,5614
BRDA:13,16,0,0
BRDA:13,17,0,0
BRDA:13,18,0,0
BRDA:14,19,0,544
BRDA:16,20,0,0
BRDA:16,21,0,532
BRDA:17,22,0,540
BRDA:17,23,0,0
BRF:24
BRH:14
end_of_record
TN:
SF:packages/base/dist/cjs/config/index.js
FN:10,get
FN:17,get
FN:25,_slicedToArray
FN:26,_nonIterableRest
FN:27,_unsupportedIterableToArray
FN:28,_arrayLikeToArray
FN:29,_iterableToArrayLimit
FN:30,_arrayWithHoles
FN:50,getDefaultContainer
FN:60,useConfig
FN:64,setConfig
FNF:11
FNH:3
FNDA:982,get
FNDA:0,get
FNDA:0,_slicedToArray
FNDA:0,_nonIterableRest
FNDA:0,_unsupportedIterableToArray
FNDA:0,_arrayLikeToArray
FNDA:0,_iterableToArrayLimit
FNDA:0,_arrayWithHoles
FNDA:601,getDefaultContainer
FNDA:1034,useConfig
FNDA:0,setConfig
DA:1,1
DA:2,1
DA:3,1
DA:4,1
DA:5,1
DA:6,1
DA:7,1
DA:8,1
DA:9,1
DA:10,1
DA:11,982
DA:12,982
DA:13,1
DA:14,1
DA:15,1
DA:16,1
DA:17,1
DA:18,0
DA:19,0
DA:20,1
DA:21,1
DA:22,1
DA:23,1
DA:24,1
DA:25,0
DA:26,0
DA:27,0
DA:28,0
DA:29,0
DA:30,0
DA:31,1
DA:32,1
DA:33,1
DA:34,1
DA:35,1
DA:36,0
DA:37,0
DA:38,1
DA:39,1
DA:40,1
DA:41,1
DA:42,1
DA:43,1
DA:44,1
DA:45,1
DA:46,1
DA:47,1
DA:48,0
DA:49,1
DA:50,601
DA:51,601
DA:52,0
DA:53,0
DA:54,0
DA:55,0
DA:56,0
DA:57,601
DA:58,601
DA:59,601
DA:60,1
DA:61,1034
DA:62,1034
DA:63,1
DA:64,1
DA:65,0
DA:66,0
DA:67,0
DA:68,0
DA:69,0
DA:70,0
DA:71,0
DA:72,0
DA:73,0
DA:74,0
DA:75,0
DA:76,1
LF:76
LH:49
BRDA:34,0,0,0
BRDA:35,1,0,0
BRDA:10,2,0,982
BRDA:50,3,0,601
BRDA:51,4,0,0
BRDA:57,5,0,0
BRDA:60,6,0,1034
BRF:7
BRH:3
end_of_record
TN:
SF:packages/base/dist/cjs/config/locale/en_US.js
FNF:0
FNH:0
DA:1,1
DA:2,1
DA:3,1
DA:4,1
DA:5,1
DA:6,1
DA:7,1
DA:8,1
DA:9,1
DA:10,1
DA:11,1
DA:12,1
DA:13,1
DA:14,1
DA:15,1
DA:16,1
DA:17,1
DA:18,1
DA:19,1
DA:20,1
DA:21,1
DA:22,1
DA:23,1
DA:24,1
DA:25,1
DA:26,1
DA:27,1
DA:28,1
DA:29,1
DA:30,1
DA:31,1
DA:32,1
DA:33,1
DA:34,1
DA:35,1
DA:36,1
DA:37,1
DA:38,1
DA:39,1
DA:40,1
DA:41,1
DA:42,1
DA:43,1
DA:44,1
DA:45,1
DA:46,1
DA:47,1
DA:48,1
DA:49,1
DA:50,1
DA:51,1
DA:52,1
LF:52
LH:52
BRF:0
BRH:0
end_of_record
TN:
SF:packages/base/dist/cjs/config/locale/index.js
FN:12,_interopRequireDefault
FN:13,_typeof
FN:17,getLocaleObj
FN:26,setLocale
FN:39,getLocale
FNF:5
FNH:3
FNDA:60,_interopRequireDefault
FNDA:0,_typeof
FNDA:982,getLocaleObj
FNDA:0,setLocale
FNDA:982,getLocale
DA:1,1
DA:2,1
DA:3,1
DA:4,1
DA:5,1
DA:6,1
DA:7,1
DA:8,1
DA:9,1
DA:10,1
DA:11,1
DA:12,60
DA:13,0
DA:14,1
DA:15,1
DA:16,1
DA:17,1
DA:18,982
DA:19,982
DA:20,982
DA:21,0
DA:22,0
DA:23,0
DA:24,0
DA:25,0
DA:26,0
DA:27,0
DA:28,0
DA:29,0
DA:30,0
DA:31,0
DA:32,0
DA:33,0
DA:34,0
DA:35,0
DA:36,0
DA:37,0
DA:38,0
DA:39,982
DA:40,982
DA:41,982
DA:42,982
DA:43,978
DA:44,978
LF:44
LH:25
BRDA:12,0,0,60
BRDA:12,1,0,0
BRDA:17,2,0,982
BRDA:19,3,0,0
BRDA:20,4,0,0
BRDA:39,5,0,982
BRDA:41,6,0,0
BRDA:42,7,0,4
BRDA:42,8,0,4
BRDA:42,9,0,978
BRF:10
BRH:6
end_of_record
TN:
SF:packages/base/dist/cjs/config/locale/zh-CN.js
FNF:0
FNH:0
DA:1,1
DA:2,1
DA:3,1
DA:4,1
DA:5,1
DA:6,1
DA:7,1
DA:8,1
DA:9,1
DA:10,1
DA:11,1
DA:12,1
DA:13,1
DA:14,1
DA:15,1
DA:16,1
DA:17,1
DA:18,1
DA:19,1
DA:20,1
DA:21,1
DA:22,1
DA:23,1
DA:24,1
DA:25,1
DA:26,1
DA:27,1
DA:28,1
DA:29,1
DA:30,1
DA:31,1
DA:32,1
DA:33,1
DA:34,1
DA:35,1
DA:36,1
DA:37,1
DA:38,1
DA:39,1
DA:40,1
DA:41,1
DA:42,1
DA:43,1
DA:44,1
DA:45,1
DA:46,1
DA:47,1
DA:48,1
DA:49,1
DA:50,1
DA:51,1
DA:52,1
DA:53,1
DA:54,1
DA:55,1
DA:56,1
DA:57,1
DA:58,1
DA:59,1
DA:60,1
DA:61,1
DA:62,1
DA:63,1
DA:64,1
DA:65,1
DA:66,1
DA:67,1
DA:68,1
DA:69,1
DA:70,1
DA:71,1
DA:72,1
LF:72
LH:72
BRF:0
BRH:0
end_of_record
TN:
SF:packages/base/dist/cjs/date-picker/date-picker.js
FN:3,_typeof
FN:3,_typeof
FN:3,_typeof
FN:19,_getRequireWildcardCache
FN:19,_getRequireWildcardCache
FN:20,_interopRequireWildcard
FN:21,_interopRequireDefault
FN:22,ownKeys
FN:23,_objectSpread
FN:24,_defineProperty
FN:25,_toPropertyKey
FN:26,_toPrimitive
FN:27,_slicedToArray
FN:28,_nonIterableRest
FN:29,_unsupportedIterableToArray
FN:30,_arrayLikeToArray
FN:31,_iterableToArrayLimit
FN:32,_arrayWithHoles
FN:35,preventDefault
FN:38,DatePicker
FN:145,renderResult
FN:174,onMouseDown
FN:178,onKeyDown
FNF:23
FNH:15
FNDA:30,_typeof
FNDA:272,_typeof
FNDA:0,_typeof
FNDA:30,_getRequireWildcardCache
FNDA:30,_getRequireWildcardCache
FNDA:30,_interopRequireWildcard
FNDA:180,_interopRequireDefault
FNDA:318,ownKeys
FNDA:318,_objectSpread
FNDA:121,_defineProperty
FNDA:121,_toPropertyKey
FNDA:121,_toPrimitive
FNDA:212,_slicedToArray
FNDA:0,_nonIterableRest
FNDA:0,_unsupportedIterableToArray
FNDA:0,_arrayLikeToArray
FNDA:0,_iterableToArrayLimit
FNDA:212,_arrayWithHoles
FNDA:0,preventDefault
FNDA:106,DatePicker
FNDA:106,renderResult
FNDA:0,onMouseDown
FNDA:0,onKeyDown
DA:1,1
DA:2,1
DA:3,30
DA:4,1
DA:5,1
DA:6,1
DA:7,1
DA:8,1
DA:9,1
DA:10,1
DA:11,1
DA:12,1
DA:13,1
DA:14,1
DA:15,1
DA:16,1
DA:17,1
DA:18,1
DA:19,30
DA:20,30
DA:21,180
DA:22,318
DA:23,318
DA:24,121
DA:25,121
DA:26,121
DA:27,212
DA:28,0
DA:29,0
DA:30,0
DA:31,0
DA:32,212
DA:33,1
DA:34,1
DA:35,1
DA:36,0
DA:37,0
DA:38,1
DA:39,106
DA:40,106
DA:41,106
DA:42,106
DA:43,106
DA:44,106
DA:45,106
DA:46,106
DA:47,106
DA:48,106
DA:49,106
DA:50,106
DA:51,106
DA:52,106
DA:53,106
DA:54,106
DA:55,106
DA:56,106
DA:57,106
DA:58,106
DA:59,106
DA:60,106
DA:61,0
DA:62,106
DA:63,0
DA:64,0
DA:65,106
DA:66,106
DA:67,106
DA:68,106
DA:69,106
DA:70,106
DA:71,106
DA:72,106
DA:73,106
DA:74,106
DA:75,106
DA:76,106
DA:77,106
DA:78,106
DA:79,106
DA:80,106
DA:81,106
DA:82,106
DA:83,106
DA:84,106
DA:85,106
DA:86,106
DA:87,106
DA:88,106
DA:89,106
DA:90,106
DA:91,106
DA:92,106
DA:93,106
DA:94,106
DA:95,106
DA:96,106
DA:97,106
DA:98,106
DA:99,106
DA:100,106
DA:101,106
DA:102,24
DA:103,24
DA:104,7
DA:105,24
DA:106,17
DA:107,17
DA:108,24
DA:109,106
DA:110,106
DA:111,106
DA:112,106
DA:113,106
DA:114,106
DA:115,106
DA:116,106
DA:117,106
DA:118,106
DA:119,106
DA:120,106
DA:121,106
DA:122,106
DA:123,106
DA:124,106
DA:125,106
DA:126,106
DA:127,106
DA:128,106
DA:129,106
DA:130,106
DA:131,106
DA:132,7
DA:133,7
DA:134,7
DA:135,106
DA:136,106
DA:137,0
DA:138,0
DA:139,0
DA:140,106
DA:141,106
DA:142,7
DA:143,7
DA:144,106
DA:145,106
DA:146,106
DA:147,106
DA:148,106
DA:149,106
DA:150,106
DA:151,106
DA:152,106
DA:153,106
DA:154,106
DA:155,106
DA:156,106
DA:157,106
DA:158,106
DA:159,106
DA:160,106
DA:161,106
DA:162,106
DA:163,106
DA:164,106
DA:165,106
DA:166,106
DA:167,106
DA:168,106
DA:169,106
DA:170,106
DA:171,106
DA:172,106
DA:173,106
DA:174,106
DA:175,0
DA:176,0
DA:177,106
DA:178,106
DA:179,0
DA:180,0
DA:181,0
DA:182,0
DA:183,0
DA:184,0
DA:185,0
DA:186,106
DA:187,106
DA:188,14
DA:189,14
DA:190,14
DA:191,106
DA:192,106
DA:193,106
DA:194,106
DA:195,106
DA:196,106
DA:197,106
DA:198,22
DA:199,0
DA:200,0
DA:201,106
DA:202,106
DA:203,106
DA:204,106
DA:205,106
DA:206,106
DA:207,106
DA:208,106
DA:209,106
DA:210,106
DA:211,106
DA:212,106
DA:213,106
DA:214,106
DA:215,106
DA:216,106
DA:217,106
DA:218,106
DA:219,106
DA:220,106
DA:221,106
DA:222,106
DA:223,106
DA:224,106
DA:225,106
DA:226,106
DA:227,106
DA:228,106
DA:229,106
DA:230,106
DA:231,106
DA:232,106
DA:233,106
DA:234,106
DA:235,106
DA:236,106
DA:237,106
DA:238,106
DA:239,106
DA:240,106
DA:241,106
DA:242,106
DA:243,106
DA:244,106
DA:245,106
DA:246,106
DA:247,106
DA:248,106
DA:249,106
DA:250,106
DA:251,106
DA:252,106
DA:253,106
DA:254,106
DA:255,106
DA:256,106
DA:257,106
DA:258,106
DA:259,106
DA:260,1
DA:261,1
LF:261
LH:238
BRDA:3,0,0,30
BRDA:3,1,0,0
BRDA:3,2,0,272
BRDA:19,3,0,30
BRDA:19,4,0,0
BRDA:19,5,0,30
BRDA:19,6,0,0
BRDA:20,7,0,30
BRDA:20,8,0,0
BRDA:20,9,0,0
BRDA:20,10,0,0
BRDA:20,11,0,0
BRDA:20,12,0,1050
BRDA:20,13,0,0
BRDA:20,14,0,0
BRDA:21,15,0,180
BRDA:21,16,0,150
BRDA:21,17,0,30
BRDA:22,18,0,318
BRDA:23,19,0,318
BRDA:23,20,0,424
BRDA:23,21,0,333
BRDA:23,22,0,91
BRDA:23,23,0,318
BRDA:23,24,0,106
BRDA:23,25,0,0
BRDA:23,26,0,121
BRDA:24,27,0,121
BRDA:24,28,0,106
BRDA:24,29,0,15
BRDA:25,30,0,121
BRDA:25,31,0,0
BRDA:26,32,0,121
BRDA:26,33,0,0
BRDA:26,34,0,0
BRDA:26,35,0,0
BRDA:27,36,0,212
BRDA:27,37,0,0
BRDA:27,38,0,0
BRDA:27,39,0,0
BRDA:32,40,0,212
BRDA:38,41,0,106
BRDA:45,42,0,74
BRDA:45,43,0,32
BRDA:47,44,0,103
BRDA:47,45,0,3
BRDA:49,46,0,97
BRDA:49,47,0,9
BRDA:54,48,0,0
BRDA:54,49,0,0
BRDA:60,50,0,0
BRDA:62,51,0,0
BRDA:123,52,0,4
BRDA:123,53,0,102
BRDA:127,54,0,84
BRDA:204,55,0,0
BRDA:204,56,0,0
BRDA:204,57,0,3
BRDA:204,58,0,0
BRDA:204,59,0,3
BRDA:204,60,0,0
BRDA:204,61,0,39
BRDA:204,62,0,0
BRDA:204,63,0,0
BRDA:204,64,0,0
BRDA:204,65,0,6
BRDA:204,66,0,0
BRDA:204,67,0,3
BRDA:204,68,0,0
BRDA:204,69,0,3
BRDA:204,70,0,0
BRDA:223,71,0,0
BRDA:101,72,0,24
BRDA:103,73,0,7
BRDA:105,74,0,17
BRDA:108,75,0,0
BRDA:131,76,0,7
BRDA:134,77,0,0
BRDA:141,78,0,7
BRDA:142,79,0,0
BRDA:145,80,0,106
BRDA:147,81,0,0
BRDA:147,82,0,0
BRDA:147,83,0,0
BRDA:147,84,0,0
BRDA:153,85,0,0
BRDA:168,86,0,0
BRDA:168,87,0,0
BRDA:168,88,0,0
BRDA:168,89,0,0
BRDA:170,90,0,0
BRDA:172,91,0,0
BRDA:173,92,0,0
BRDA:174,93,0,0
BRDA:187,94,0,17
BRDA:187,95,0,14
BRDA:188,96,0,0
BRDA:188,97,0,0
BRDA:192,98,0,0
BRDA:193,99,0,0
BRDA:197,100,0,22
BRDA:198,101,0,0
BRDA:198,102,0,0
BRF:103
BRH:49
end_of_record
TN:
SF:packages/base/dist/cjs/date-picker/day.js
FN:16,_interopRequireDefault
FN:17,_typeof
FN:17,_typeof
FN:17,_typeof
FN:18,ownKeys
FN:19,_objectSpread
FN:20,_defineProperty
FN:21,_toPropertyKey
FN:22,_toPrimitive
FN:23,Day
FN:57,selNow
FN:63,renderDay
FN:71,onClick
FN:74,onDoubleClick
FN:78,onMouseEnter
FN:81,onMouseLeave
FN:99,renderWeek
FN:104,onClick
FN:114,renderFooter
FN:185,onClick
FN:193,onClick
FNF:21
FNH:15
FNDA:180,_interopRequireDefault
FNDA:1,_typeof
FNDA:50,_typeof
FNDA:0,_typeof
FNDA:2,ownKeys
FNDA:2,_objectSpread
FNDA:25,_defineProperty
FNDA:25,_toPropertyKey
FNDA:25,_toPrimitive
FNDA:112,Day
FNDA:1,selNow
FNDA:4704,renderDay
FNDA:6,onClick
FNDA:0,onDoubleClick
FNDA:1,onMouseEnter
FNDA:0,onMouseLeave
FNDA:672,renderWeek
FNDA:0,onClick
FNDA:112,renderFooter
FNDA:0,onClick
FNDA:0,onClick
DA:1,1
DA:2,1
DA:3,1
DA:4,1
DA:5,1
DA:6,1
DA:7,1
DA:8,1
DA:9,1
DA:10,1
DA:11,1
DA:12,1
DA:13,1
DA:14,1
DA:15,1
DA:16,180
DA:17,1
DA:18,2
DA:19,2
DA:20,25
DA:21,25
DA:22,25
DA:23,1
DA:24,112
DA:25,112
DA:26,112
DA:27,112
DA:28,112
DA:29,112
DA:30,112
DA:31,6
DA:32,6
DA:33,112
DA:34,112
DA:35,12
DA:36,112
DA:37,112
DA:38,112
DA:39,112
DA:40,112
DA:41,112
DA:42,112
DA:43,112
DA:44,112
DA:45,112
DA:46,112
DA:47,112
DA:48,112
DA:49,112
DA:50,112
DA:51,112
DA:52,112
DA:53,112
DA:54,112
DA:55,112
DA:56,112
DA:57,112
DA:58,1
DA:59,1
DA:60,1
DA:61,1
DA:62,112
DA:63,112
DA:64,4704
DA:65,4704
DA:66,4704
DA:67,4704
DA:68,4704
DA:69,4704
DA:70,4704
DA:71,4704
DA:72,6
DA:73,4704
DA:74,4704
DA:75,0
DA:76,0
DA:77,4704
DA:78,4704
DA:79,1
DA:80,4704
DA:81,4704
DA:82,0
DA:83,4704
DA:84,4704
DA:85,4704
DA:86,4704
DA:87,4704
DA:88,4704
DA:89,4704
DA:90,4704
DA:91,112
DA:92,112
DA:93,112
DA:94,112
DA:95,112
DA:96,784
DA:97,784
DA:98,112
DA:99,112
DA:100,672
DA:101,612
DA:102,612
DA:103,60
DA:104,60
DA:105,0
DA:106,60
DA:107,672
DA:108,672
DA:109,672
DA:110,672
DA:111,672
DA:112,672
DA:113,112
DA:114,112
DA:115,112
DA:116,112
DA:117,112
DA:118,112
DA:119,112
DA:120,11
DA:121,112
DA:122,0
DA:123,112
DA:124,11
DA:125,11
DA:126,11
DA:127,11
DA:128,11
DA:129,112
DA:130,112
DA:131,1
DA:132,1
DA:133,1
DA:134,1
DA:135,1
DA:136,1
DA:137,1
DA:138,1
DA:139,1
DA:140,1
DA:141,1
DA:142,1
DA:143,112
DA:144,10
DA:145,10
DA:146,10
DA:147,10
DA:148,10
DA:149,10
DA:150,10
DA:151,10
DA:152,0
DA:153,0
DA:154,0
DA:155,0
DA:156,0
DA:157,10
DA:158,112
DA:159,112
DA:160,112
DA:161,112
DA:162,112
DA:163,112
DA:164,112
DA:165,112
DA:166,112
DA:167,112
DA:168,112
DA:169,112
DA:170,112
DA:171,112
DA:172,112
DA:173,112
DA:174,112
DA:175,112
DA:176,112
DA:177,112
DA:178,112
DA:179,112
DA:180,112
DA:181,112
DA:182,112
DA:183,112
DA:184,112
DA:185,112
DA:186,0
DA:187,112
DA:188,112
DA:189,112
DA:190,112
DA:191,112
DA:192,112
DA:193,112
DA:194,0
DA:195,112
DA:196,112
DA:197,112
DA:198,112
DA:199,112
DA:200,112
DA:201,112
DA:202,112
DA:203,112
DA:204,112
DA:205,112
DA:206,112
DA:207,112
DA:208,112
DA:209,112
DA:210,112
DA:211,112
DA:212,112
DA:213,112
DA:214,112
DA:215,112
DA:216,10
DA:217,112
DA:218,784
DA:219,784
DA:220,784
DA:221,112
DA:222,112
DA:223,112
DA:224,112
DA:225,112
DA:226,112
DA:227,672
DA:228,672
DA:229,672
DA:230,672
DA:231,4704
DA:232,672
DA:233,672
DA:234,112
DA:235,112
DA:236,112
DA:237,112
DA:238,112
DA:239,112
DA:240,1
DA:241,1
LF:241
LH:229
BRDA:16,0,0,180
BRDA:16,1,0,120
BRDA:16,2,0,60
BRDA:17,3,0,1
BRDA:17,4,0,0
BRDA:17,5,0,50
BRDA:18,6,0,2
BRDA:19,7,0,2
BRDA:19,8,0,3
BRDA:19,9,0,0
BRDA:19,10,0,2
BRDA:19,11,0,1
BRDA:19,12,0,0
BRDA:19,13,0,25
BRDA:20,14,0,25
BRDA:20,15,0,0
BRDA:21,16,0,25
BRDA:21,17,0,0
BRDA:22,18,0,25
BRDA:22,19,0,0
BRDA:22,20,0,0
BRDA:22,21,0,0
BRDA:23,22,0,112
BRDA:28,23,0,0
BRDA:28,24,0,0
BRDA:29,25,0,10
BRDA:29,26,0,102
BRDA:162,27,0,10
BRDA:162,28,0,0
BRDA:162,29,0,102
BRDA:162,30,0,0
BRDA:162,31,0,0
BRDA:169,32,0,0
BRDA:171,33,0,0
BRDA:173,34,0,0
BRDA:177,35,0,0
BRDA:182,36,0,0
BRDA:184,37,0,0
BRDA:192,38,0,0
BRDA:199,39,0,0
BRDA:201,40,0,0
BRDA:205,41,0,0
BRDA:211,42,0,0
BRDA:215,43,0,10
BRDA:30,44,0,6
BRDA:34,45,0,12
BRDA:57,46,0,1
BRDA:59,47,0,0
BRDA:63,48,0,4704
BRDA:70,49,0,0
BRDA:70,50,0,35
BRDA:70,51,0,0
BRDA:70,52,0,1242
BRDA:70,53,0,0
BRDA:70,54,0,0
BRDA:70,55,0,102
BRDA:70,56,0,0
BRDA:70,57,0,0
BRDA:70,58,0,0
BRDA:70,59,0,0
BRDA:70,60,0,0
BRDA:70,61,0,0
BRDA:78,62,0,0
BRDA:81,63,0,0
BRDA:85,64,0,0
BRDA:71,65,0,6
BRDA:78,66,0,1
BRDA:95,67,0,784
BRDA:99,68,0,672
BRDA:100,69,0,612
BRDA:102,70,0,60
BRDA:107,71,0,0
BRDA:107,72,0,60
BRDA:107,73,0,60
BRDA:107,74,0,0
BRDA:107,75,0,60
BRDA:109,76,0,60
BRDA:109,77,0,0
BRDA:109,78,0,60
BRDA:114,79,0,112
BRDA:116,80,0,19
BRDA:116,81,0,0
BRDA:116,82,0,18
BRDA:116,83,0,0
BRDA:119,84,0,111
BRDA:119,85,0,101
BRDA:119,86,0,11
BRDA:121,87,0,0
BRDA:123,88,0,11
BRDA:126,89,0,1
BRDA:129,90,0,0
BRDA:129,91,0,11
BRDA:130,92,0,1
BRDA:131,93,0,0
BRDA:131,94,0,0
BRDA:143,95,0,10
BRDA:144,96,0,0
BRDA:148,97,0,0
BRDA:151,98,0,0
BRDA:217,99,0,784
BRDA:226,100,0,672
BRDA:229,101,0,0
BRDA:229,102,0,60
BRDA:229,103,0,0
BRDA:230,104,0,4704
BRF:105
BRH:53
end_of_record
TN:
SF:packages/base/dist/cjs/date-picker/index.js
FN:8,get
FN:14,get
FN:19,_interopRequireDefault
FNF:3
FNH:2
FNDA:23,get
FNDA:0,get
FNDA:30,_interopRequireDefault
DA:1,1
DA:2,1
DA:3,1
DA:4,1
DA:5,1
DA:6,1
DA:7,1
DA:8,1
DA:9,23
DA:10,23
DA:11,1
DA:12,1
DA:13,1
DA:14,1
DA:15,0
DA:16,0
DA:17,1
DA:18,1
DA:19,30
LF:19
LH:17
BRDA:8,0,0,23
BRDA:19,1,0,30
BRDA:19,2,0,0
BRF:3
BRH:2
end_of_record
TN:
SF:packages/base/dist/cjs/date-picker/month.js
FN:13,_interopRequireDefault
FN:14,Month
FNF:2
FNH:1
FNDA:120,_interopRequireDefault
FNDA:0,Month
DA:1,1
DA:2,1
DA:3,1
DA:4,1
DA:5,1
DA:6,1
DA:7,1
DA:8,1
DA:9,1
DA:10,1
DA:11,1
DA:12,1
DA:13,120
DA:14,1
DA:15,0
DA:16,0
DA:17,0
DA:18,0
DA:19,0
DA:20,0
DA:21,0
DA:22,0
DA:23,0
DA:24,0
DA:25,0
DA:26,0
DA:27,0
DA:28,0
DA:29,0
DA:30,0
DA:31,0
DA:32,0
DA:33,0
DA:34,0
DA:35,0
DA:36,0
DA:37,0
DA:38,0
DA:39,0
DA:40,0
DA:41,0
DA:42,0
DA:43,0
DA:44,0
DA:45,0
DA:46,0
DA:47,0
DA:48,0
DA:49,0
DA:50,0
DA:51,0
DA:52,0
DA:53,0
DA:54,0
DA:55,0
DA:56,0
DA:57,0
DA:58,0
DA:59,0
DA:60,0
DA:61,0
DA:62,0
DA:63,0
DA:64,0
DA:65,0
DA:66,0
DA:67,0
DA:68,0
DA:69,0
DA:70,0
DA:71,0
DA:72,0
DA:73,0
DA:74,0
DA:75,0
DA:76,0
DA:77,0
DA:78,0
DA:79,0
DA:80,0
DA:81,0
DA:82,0
DA:83,0
DA:84,0
DA:85,0
DA:86,0
DA:87,0
DA:88,0
DA:89,0
DA:90,0
DA:91,0
DA:92,0
DA:93,0
DA:94,0
DA:95,0
DA:96,0
DA:97,0
DA:98,0
DA:99,0
DA:100,0
DA:101,0
DA:102,0
DA:103,0
DA:104,0
DA:105,0
DA:106,0
DA:107,0
DA:108,0
DA:109,0
DA:110,0
DA:111,0
DA:112,0
DA:113,0
DA:114,0
DA:115,0
DA:116,1
DA:117,1
LF:117
LH:16
BRDA:13,0,0,120
BRDA:13,1,0,60
BRDA:13,2,0,60
BRF:3
BRH:3
end_of_record
TN:
SF:packages/base/dist/cjs/date-picker/picker.js
FN:16,_interopRequireDefault
FN:17,_typeof
FN:17,_typeof
FN:17,_typeof
FN:18,ownKeys
FN:19,_objectSpread
FN:20,_defineProperty
FN:21,_toPropertyKey
FN:22,_toPrimitive
FN:23,Picker
FN:63,renderPicker
FN:85,onMouseEnter
FN:86,onMouseLeave
FN:110,onDoubleClick
FNF:14
FNH:11
FNDA:210,_interopRequireDefault
FNDA:1,_typeof
FNDA:5600,_typeof
FNDA:0,_typeof
FNDA:336,ownKeys
FNDA:336,_objectSpread
FNDA:2800,_defineProperty
FNDA:2800,_toPropertyKey
FNDA:2800,_toPrimitive
FNDA:106,Picker
FNDA:112,renderPicker
FNDA:1,onMouseEnter
FNDA:0,onMouseLeave
FNDA:0,onDoubleClick
DA:1,1
DA:2,1
DA:3,1
DA:4,1
DA:5,1
DA:6,1
DA:7,1
DA:8,1
DA:9,1
DA:10,1
DA:11,1
DA:12,1
DA:13,1
DA:14,1
DA:15,1
DA:16,210
DA:17,1
DA:18,336
DA:19,336
DA:20,2800
DA:21,2800
DA:22,2800
DA:23,1
DA:24,106
DA:25,106
DA:26,106
DA:27,106
DA:28,106
DA:29,106
DA:30,106
DA:31,106
DA:32,106
DA:33,106
DA:34,106
DA:35,106
DA:36,106
DA:37,106
DA:38,106
DA:39,106
DA:40,106
DA:41,106
DA:42,106
DA:43,106
DA:44,106
DA:45,106
DA:46,106
DA:47,106
DA:48,106
DA:49,106
DA:50,106
DA:51,106
DA:52,106
DA:53,106
DA:54,106
DA:55,0
DA:56,106
DA:57,106
DA:58,0
DA:59,106
DA:60,106
DA:61,0
DA:62,106
DA:63,106
DA:64,112
DA:65,112
DA:66,112
DA:67,112
DA:68,112
DA:69,112
DA:70,112
DA:71,112
DA:72,112
DA:73,112
DA:74,112
DA:75,112
DA:76,112
DA:77,112
DA:78,112
DA:79,112
DA:80,112
DA:81,112
DA:82,112
DA:83,112
DA:84,112
DA:85,112
DA:86,112
DA:87,112
DA:88,112
DA:89,12
DA:90,12
DA:91,12
DA:92,112
DA:93,112
DA:94,112
DA:95,112
DA:96,112
DA:97,112
DA:98,112
DA:99,112
DA:100,0
DA:101,0
DA:102,112
DA:103,0
DA:104,0
DA:105,112
DA:106,0
DA:107,0
DA:108,112
DA:109,112
DA:110,112
DA:111,0
DA:112,0
DA:113,0
DA:114,0
DA:115,0
DA:116,0
DA:117,0
DA:118,0
DA:119,0
DA:120,0
DA:121,0
DA:122,112
DA:123,112
DA:124,0
DA:125,0
DA:126,0
DA:127,0
DA:128,106
DA:129,106
DA:130,106
DA:131,106
DA:132,0
DA:133,0
DA:134,0
DA:135,0
DA:136,0
DA:137,0
DA:138,0
DA:139,0
DA:140,106
DA:141,12
DA:142,106
DA:143,106
DA:144,106
DA:145,1
DA:146,1
LF:146
LH:114
BRDA:16,0,0,210
BRDA:16,1,0,180
BRDA:16,2,0,30
BRDA:17,3,0,1
BRDA:17,4,0,0
BRDA:17,5,0,5600
BRDA:18,6,0,336
BRDA:19,7,0,336
BRDA:19,8,0,448
BRDA:19,9,0,0
BRDA:19,10,0,336
BRDA:19,11,0,112
BRDA:19,12,0,0
BRDA:19,13,0,2800
BRDA:20,14,0,2800
BRDA:20,15,0,0
BRDA:21,16,0,2800
BRDA:21,17,0,0
BRDA:22,18,0,2800
BRDA:22,19,0,0
BRDA:22,20,0,0
BRDA:22,21,0,0
BRDA:23,22,0,106
BRDA:30,23,0,0
BRDA:30,24,0,0
BRDA:130,25,0,0
BRDA:131,26,0,0
BRDA:131,27,0,0
BRDA:140,28,0,6
BRDA:142,29,0,100
BRDA:63,30,0,112
BRDA:64,31,0,6
BRDA:64,32,0,106
BRDA:71,33,0,6
BRDA:71,34,0,106
BRDA:72,35,0,6
BRDA:72,36,0,106
BRDA:73,37,0,6
BRDA:73,38,0,106
BRDA:76,39,0,6
BRDA:76,40,0,106
BRDA:78,41,0,6
BRDA:78,42,0,106
BRDA:79,43,0,6
BRDA:79,44,0,106
BRDA:83,45,0,6
BRDA:83,46,0,106
BRDA:88,47,0,12
BRDA:89,48,0,6
BRDA:89,49,0,6
BRDA:99,50,0,0
BRDA:102,51,0,0
BRDA:105,52,0,0
BRDA:123,53,0,0
BRDA:85,54,0,1
BRDA:140,55,0,12
BRF:56
BRH:39
end_of_record
TN:
SF:packages/base/dist/cjs/date-picker/pickerTitle.js
FN:9,PickerTitle
FNF:1
FNH:1
FNDA:112,PickerTitle
DA:1,1
DA:2,1
DA:3,1
DA:4,1
DA:5,1
DA:6,1
DA:7,1
DA:8,1
DA:9,1
DA:10,112
DA:11,112
DA:12,112
DA:13,112
DA:14,112
DA:15,112
DA:16,112
DA:17,12
DA:18,112
DA:19,112
DA:20,112
DA:21,112
DA:22,112
DA:23,112
DA:24,1
DA:25,1
LF:25
LH:25
BRDA:9,0,0,112
BRDA:13,1,0,0
BRDA:13,2,0,0
BRDA:16,3,0,100
BRDA:16,4,0,12
BRDA:18,5,0,0
BRDA:18,6,0,12
BRDA:20,7,0,6
BRDA:20,8,0,6
BRF:9
BRH:6
end_of_record
TN:
SF:packages/base/dist/cjs/date-picker/quarter.js
FN:13,_interopRequireDefault
FN:14,Quarter
FNF:2
FNH:1
FNDA:120,_interopRequireDefault
FNDA:0,Quarter
DA:1,1
DA:2,1
DA:3,1
DA:4,1
DA:5,1
DA:6,1
DA:7,1
DA:8,1
DA:9,1
DA:10,1
DA:11,1
DA:12,1
DA:13,120
DA:14,1
DA:15,0
DA:16,0
DA:17,0
DA:18,0
DA:19,0
DA:20,0
DA:21,0
DA:22,0
DA:23,0
DA:24,0
DA:25,0
DA:26,0
DA:27,0
DA:28,0
DA:29,0
DA:30,0
DA:31,0
DA:32,0
DA:33,0
DA:34,0
DA:35,0
DA:36,0
DA:37,0
DA:38,0
DA:39,0
DA:40,0
DA:41,0
DA:42,0
DA:43,0
DA:44,0
DA:45,0
DA:46,0
DA:47,0
DA:48,0
DA:49,0
DA:50,0
DA:51,0
DA:52,0
DA:53,0
DA:54,0
DA:55,0
DA:56,0
DA:57,0
DA:58,0
DA:59,0
DA:60,0
DA:61,0
DA:62,0
DA:63,0
DA:64,0
DA:65,0
DA:66,0
DA:67,0
DA:68,0
DA:69,0
DA:70,0
DA:71,0
DA:72,0
DA:73,0
DA:74,0
DA:75,0
DA:76,0
DA:77,0
DA:78,0
DA:79,0
DA:80,0
DA:81,0
DA:82,0
DA:83,0
DA:84,0
DA:85,0
DA:86,0
DA:87,0
DA:88,0
DA:89,0
DA:90,0
DA:91,0
DA:92,0
DA:93,0
DA:94,0
DA:95,0
DA:96,0
DA:97,0
DA:98,0
DA:99,0
DA:100,0
DA:101,0
DA:102,0
DA:103,0
DA:104,0
DA:105,0
DA:106,0
DA:107,0
DA:108,0
DA:109,0
DA:110,0
DA:111,0
DA:112,1
DA:113,1
LF:113
LH:16
BRDA:13,0,0,120
BRDA:13,1,0,60
BRDA:13,2,0,60
BRF:3
BRH:3
end_of_record
TN:
SF:packages/base/dist/cjs/date-picker/quick.js
FN:11,_interopRequireDefault
FN:12,Quick
FNF:2
FNH:1
FNDA:60,_interopRequireDefault
FNDA:0,Quick
DA:1,1
DA:2,1
DA:3,1
DA:4,1
DA:5,1
DA:6,1
DA:7,1
DA:8,1
DA:9,1
DA:10,1
DA:11,60
DA:12,1
DA:13,0
DA:14,0
DA:15,0
DA:16,0
DA:17,0
DA:18,0
DA:19,0
DA:20,0
DA:21,0
DA:22,0
DA:23,0
DA:24,0
DA:25,0
DA:26,0
DA:27,0
DA:28,0
DA:29,0
DA:30,0
DA:31,0
DA:32,0
DA:33,0
DA:34,0
DA:35,0
DA:36,0
DA:37,0
DA:38,0
DA:39,0
DA:40,0
DA:41,0
DA:42,0
DA:43,0
DA:44,0
DA:45,0
DA:46,1
DA:47,1
LF:47
LH:14
BRDA:11,0,0,60
BRDA:11,1,0,0
BRF:2
BRH:1
end_of_record
TN:
SF:packages/base/dist/cjs/date-picker/result.js
FN:3,_typeof
FN:3,_typeof
FN:3,_typeof
FN:12,_interopRequireDefault
FN:13,_getRequireWildcardCache
FN:13,_getRequireWildcardCache
FN:14,_interopRequireWildcard
FN:15,_slicedToArray
FN:16,_nonIterableRest
FN:17,_unsupportedIterableToArray
FN:18,_arrayLikeToArray
FN:19,_iterableToArrayLimit
FN:20,_arrayWithHoles
FN:21,Input
FN:49,Result
FN:83,getPlaceHolderArr
FN:116,renderItem
FN:124,onRef
FN:131,onChange
FN:134,onMouseDown
FN:137,onBlur
FN:144,onFocus
FNF:22
FNH:9
FNDA:30,_typeof
FNDA:30,_typeof
FNDA:0,_typeof
FNDA:30,_interopRequireDefault
FNDA:30,_getRequireWildcardCache
FNDA:30,_getRequireWildcardCache
FNDA:30,_interopRequireWildcard
FNDA:0,_slicedToArray
FNDA:0,_nonIterableRest
FNDA:0,_unsupportedIterableToArray
FNDA:0,_arrayLikeToArray
FNDA:0,_iterableToArrayLimit
FNDA:0,_arrayWithHoles
FNDA:0,Input
FNDA:106,Result
FNDA:106,getPlaceHolderArr
FNDA:112,renderItem
FNDA:0,onRef
FNDA:0,onChange
FNDA:0,onMouseDown
FNDA:0,onBlur
FNDA:0,onFocus
DA:1,1
DA:2,1
DA:3,30
DA:4,1
DA:5,1
DA:6,1
DA:7,1
DA:8,1
DA:9,1
DA:10,1
DA:11,1
DA:12,30
DA:13,30
DA:14,30
DA:15,0
DA:16,0
DA:17,0
DA:18,0
DA:19,0
DA:20,0
DA:21,1
DA:22,0
DA:23,0
DA:24,0
DA:25,0
DA:26,0
DA:27,0
DA:28,0
DA:29,0
DA:30,0
DA:31,0
DA:32,0
DA:33,0
DA:34,0
DA:35,0
DA:36,0
DA:37,0
DA:38,0
DA:39,0
DA:40,0
DA:41,0
DA:42,0
DA:43,0
DA:44,0
DA:45,0
DA:46,0
DA:47,0
DA:48,1
DA:49,1
DA:50,106
DA:51,106
DA:52,106
DA:53,106
DA:54,106
DA:55,106
DA:56,106
DA:57,106
DA:58,106
DA:59,106
DA:60,106
DA:61,106
DA:62,106
DA:63,106
DA:64,106
DA:65,106
DA:66,106
DA:67,106
DA:68,106
DA:69,106
DA:70,106
DA:71,106
DA:72,106
DA:73,106
DA:74,34
DA:75,7
DA:76,0
DA:77,7
DA:78,7
DA:79,7
DA:80,7
DA:81,7
DA:82,106
DA:83,106
DA:84,106
DA:85,106
DA:86,106
DA:87,0
DA:88,0
DA:89,0
DA:90,0
DA:91,106
DA:92,0
DA:93,0
DA:94,0
DA:95,0
DA:96,106
DA:97,0
DA:98,0
DA:99,0
DA:100,0
DA:101,106
DA:102,10
DA:103,10
DA:104,10
DA:105,10
DA:106,106
DA:107,0
DA:108,0
DA:109,0
DA:110,0
DA:111,106
DA:112,106
DA:113,106
DA:114,106
DA:115,106
DA:116,106
DA:117,112
DA:118,112
DA:119,112
DA:120,112
DA:121,112
DA:122,112
DA:123,112
DA:124,0
DA:125,0
DA:126,0
DA:127,0
DA:128,0
DA:129,0
DA:130,0
DA:131,0
DA:132,0
DA:133,0
DA:134,0
DA:135,0
DA:136,0
DA:137,0
DA:138,0
DA:139,0
DA:140,0
DA:141,0
DA:142,0
DA:143,0
DA:144,0
DA:145,0
DA:146,0
DA:147,0
DA:148,0
DA:149,0
DA:150,0
DA:151,112
DA:152,94
DA:153,94
DA:154,94
DA:155,112
DA:156,112
DA:157,106
DA:158,106
DA:159,106
DA:160,106
DA:161,106
DA:162,106
DA:163,106
DA:164,106
DA:165,106
DA:166,106
DA:167,6
DA:168,6
DA:169,106
DA:170,6
DA:171,6
DA:172,6
DA:173,6
DA:174,6
DA:175,106
DA:176,106
DA:177,106
DA:178,1
DA:179,1
LF:179
LH:103
BRDA:3,0,0,30
BRDA:3,1,0,0
BRDA:3,2,0,30
BRDA:12,3,0,30
BRDA:12,4,0,0
BRDA:13,5,0,30
BRDA:13,6,0,0
BRDA:13,7,0,30
BRDA:13,8,0,0
BRDA:14,9,0,30
BRDA:14,10,0,0
BRDA:14,11,0,0
BRDA:14,12,0,0
BRDA:14,13,0,0
BRDA:14,14,0,1050
BRDA:14,15,0,0
BRDA:14,16,0,0
BRDA:49,17,0,106
BRDA:64,18,0,0
BRDA:67,19,0,0
BRDA:67,20,0,0
BRDA:159,21,0,0
BRDA:166,22,0,6
BRDA:167,23,0,0
BRDA:169,24,0,6
BRDA:73,25,0,34
BRDA:74,26,0,7
BRDA:75,27,0,0
BRDA:79,28,0,0
BRDA:83,29,0,106
BRDA:84,30,0,0
BRDA:85,31,0,3
BRDA:85,32,0,103
BRDA:86,33,0,0
BRDA:90,34,0,103
BRDA:91,35,0,0
BRDA:95,36,0,103
BRDA:96,37,0,0
BRDA:100,38,0,103
BRDA:101,39,0,10
BRDA:102,40,0,0
BRDA:103,41,0,0
BRDA:105,42,0,93
BRDA:106,43,0,0
BRDA:110,44,0,93
BRDA:111,45,0,6
BRDA:111,46,0,87
BRDA:112,47,0,6
BRDA:112,48,0,87
BRDA:116,49,0,112
BRDA:117,50,0,6
BRDA:117,51,0,106
BRDA:118,52,0,0
BRDA:118,53,0,1
BRDA:118,54,0,0
BRDA:118,55,0,0
BRDA:118,56,0,0
BRDA:122,57,0,0
BRDA:123,58,0,0
BRDA:151,59,0,111
BRDA:151,60,0,94
BRDA:152,61,0,0
BRF:62
BRH:31
end_of_record
TN:
SF:packages/base/dist/cjs/date-picker/time.js
FN:3,_typeof
FN:3,_typeof
FN:3,_typeof
FN:15,_interopRequireDefault
FN:16,_getRequireWildcardCache
FN:16,_getRequireWildcardCache
FN:17,_interopRequireWildcard
FN:18,TimeScroll
FN:35,scrollToIndex
FN:44,changeToIndex
FN:50,handleScroll
FN:65,onScroll
FN:68,onMouseLeave
FN:73,onClick
FN:84,Time
FN:108,selNow
FN:113,renderFooter
FNF:17
FNH:10
FNDA:30,_typeof
FNDA:30,_typeof
FNDA:0,_typeof
FNDA:90,_interopRequireDefault
FNDA:30,_getRequireWildcardCache
FNDA:30,_getRequireWildcardCache
FNDA:30,_interopRequireWildcard
FNDA:3,TimeScroll
FNDA:6,scrollToIndex
FNDA:0,changeToIndex
FNDA:0,handleScroll
FNDA:0,onScroll
FNDA:0,onMouseLeave
FNDA:0,onClick
FNDA:1,Time
FNDA:0,selNow
FNDA:1,renderFooter
DA:1,1
DA:2,1
DA:3,30
DA:4,1
DA:5,1
DA:6,1
DA:7,1
DA:8,1
DA:9,1
DA:10,1
DA:11,1
DA:12,1
DA:13,1
DA:14,1
DA:15,90
DA:16,30
DA:17,30
DA:18,1
DA:19,3
DA:20,3
DA:21,3
DA:22,3
DA:23,3
DA:24,3
DA:25,3
DA:26,3
DA:27,3
DA:28,3
DA:29,3
DA:30,3
DA:31,3
DA:32,3
DA:33,3
DA:34,3
DA:35,3
DA:36,6
DA:37,6
DA:38,3
DA:39,3
DA:40,3
DA:41,3
DA:42,6
DA:43,3
DA:44,3
DA:45,0
DA:46,0
DA:47,0
DA:48,0
DA:49,3
DA:50,3
DA:51,0
DA:52,0
DA:53,0
DA:54,0
DA:55,3
DA:56,3
DA:57,3
DA:58,3
DA:59,3
DA:60,3
DA:61,3
DA:62,3
DA:63,3
DA:64,3
DA:65,3
DA:66,0
DA:67,3
DA:68,3
DA:69,0
DA:70,3
DA:71,3
DA:72,144
DA:73,144
DA:74,0
DA:75,144
DA:76,144
DA:77,144
DA:78,144
DA:79,144
DA:80,144
DA:81,3
DA:82,3
DA:83,3
DA:84,1
DA:85,1
DA:86,1
DA:87,1
DA:88,1
DA:89,1
DA:90,0
DA:91,0
DA:92,1
DA:93,1
DA:94,1
DA:95,1
DA:96,1
DA:97,1
DA:98,1
DA:99,1
DA:100,1
DA:101,1
DA:102,1
DA:103,1
DA:104,1
DA:105,1
DA:106,1
DA:107,1
DA:108,1
DA:109,0
DA:110,0
DA:111,1
DA:112,1
DA:113,1
DA:114,1
DA:115,1
DA:116,0
DA:117,1
DA:118,1
DA:119,0
DA:120,0
DA:121,0
DA:122,0
DA:123,0
DA:124,0
DA:125,0
DA:126,0
DA:127,0
DA:128,1
DA:129,1
DA:130,1
DA:131,1
DA:132,1
DA:133,1
DA:134,1
DA:135,0
DA:136,0
DA:137,1
DA:138,1
DA:139,1
DA:140,1
DA:141,1
DA:142,3
DA:143,3
DA:144,3
DA:145,1
DA:146,1
DA:147,3
DA:148,3
DA:149,3
DA:150,3
DA:151,3
DA:152,3
DA:153,3
DA:154,1
DA:155,1
DA:156,1
DA:157,1
DA:158,1
DA:159,1
LF:159
LH:132
BRDA:3,0,0,30
BRDA:3,1,0,0
BRDA:3,2,0,30
BRDA:15,3,0,90
BRDA:15,4,0,60
BRDA:15,5,0,30
BRDA:16,6,0,30
BRDA:16,7,0,0
BRDA:16,8,0,30
BRDA:16,9,0,0
BRDA:17,10,0,30
BRDA:17,11,0,0
BRDA:17,12,0,0
BRDA:17,13,0,0
BRDA:17,14,0,0
BRDA:17,15,0,1050
BRDA:17,16,0,0
BRDA:17,17,0,0
BRDA:18,18,0,3
BRDA:25,19,0,0
BRDA:25,20,0,0
BRDA:63,21,0,0
BRDA:35,22,0,6
BRDA:36,23,0,3
BRDA:37,24,0,3
BRDA:39,25,0,0
BRDA:56,26,0,3
BRDA:59,27,0,3
BRDA:71,28,0,144
BRDA:76,29,0,0
BRDA:76,30,0,3
BRDA:76,31,0,0
BRDA:76,32,0,0
BRDA:84,33,0,1
BRDA:86,34,0,0
BRDA:86,35,0,0
BRDA:133,36,0,0
BRDA:133,37,0,0
BRDA:134,38,0,0
BRDA:138,39,0,0
BRDA:140,40,0,0
BRDA:113,41,0,1
BRDA:115,42,0,0
BRDA:117,43,0,0
BRDA:117,44,0,0
BRDA:118,45,0,0
BRDA:141,46,0,3
BRDA:143,47,0,0
BRDA:146,48,0,3
BRF:49
BRH:21
end_of_record
TN:
SF:packages/base/dist/cjs/date-picker/year.js
FN:13,_interopRequireDefault
FN:14,Year
FNF:2
FNH:1
FNDA:120,_interopRequireDefault
FNDA:0,Year
DA:1,1
DA:2,1
DA:3,1
DA:4,1
DA:5,1
DA:6,1
DA:7,1
DA:8,1
DA:9,1
DA:10,1
DA:11,1
DA:12,1
DA:13,120
DA:14,1
DA:15,0
DA:16,0
DA:17,0
DA:18,0
DA:19,0
DA:20,0
DA:21,0
DA:22,0
DA:23,0
DA:24,0
DA:25,0
DA:26,0
DA:27,0
DA:28,0
DA:29,0
DA:30,0
DA:31,0
DA:32,0
DA:33,0
DA:34,0
DA:35,0
DA:36,0
DA:37,0
DA:38,0
DA:39,0
DA:40,0
DA:41,0
DA:42,0
DA:43,0
DA:44,0
DA:45,0
DA:46,0
DA:47,0
DA:48,0
DA:49,0
DA:50,0
DA:51,0
DA:52,0
DA:53,0
DA:54,0
DA:55,0
DA:56,0
DA:57,0
DA:58,0
DA:59,0
DA:60,0
DA:61,0
DA:62,0
DA:63,0
DA:64,0
DA:65,0
DA:66,0
DA:67,0
DA:68,0
DA:69,0
DA:70,0
DA:71,0
DA:72,0
DA:73,0
DA:74,0
DA:75,0
DA:76,0
DA:77,0
DA:78,0
DA:79,0
DA:80,0
DA:81,0
DA:82,0
DA:83,0
DA:84,0
DA:85,0
DA:86,0
DA:87,0
DA:88,0
DA:89,0
DA:90,0
DA:91,0
DA:92,0
DA:93,0
DA:94,0
DA:95,0
DA:96,0
DA:97,0
DA:98,0
DA:99,0
DA:100,0
DA:101,0
DA:102,0
DA:103,0
DA:104,0
DA:105,0
DA:106,0
DA:107,0
DA:108,0
DA:109,0
DA:110,0
DA:111,0
DA:112,0
DA:113,0
DA:114,0
DA:115,0
DA:116,0
DA:117,1
DA:118,1
LF:118
LH:16
BRDA:13,0,0,120
BRDA:13,1,0,60
BRDA:13,2,0,60
BRF:3
BRH:3
end_of_record
TN:
SF:packages/base/dist/cjs/divider/divider.js
FN:10,_interopRequireDefault
FN:11,Divider
FNF:2
FNH:2
FNDA:60,_interopRequireDefault
FNDA:18,Divider
DA:1,1
DA:2,1
DA:3,1
DA:4,1
DA:5,1
DA:6,1
DA:7,1
DA:8,1
DA:9,1
DA:10,60
DA:11,1
DA:12,18
DA:13,18
DA:14,18
DA:15,18
DA:16,18
DA:17,18
DA:18,18
DA:19,18
DA:20,18
DA:21,18
DA:22,18
DA:23,18
DA:24,18
DA:25,18
DA:26,18
DA:27,18
DA:28,8
DA:29,8
DA:30,18
DA:31,18
DA:32,18
DA:33,1
DA:34,1
LF:34
LH:34
BRDA:10,0,0,60
BRDA:10,1,0,0
BRDA:11,2,0,18
BRDA:15,3,0,13
BRDA:15,4,0,5
BRDA:18,5,0,14
BRDA:18,6,0,4
BRDA:21,7,0,0
BRDA:21,8,0,0
BRDA:22,9,0,13
BRDA:23,10,0,0
BRDA:23,11,0,5
BRDA:23,12,0,0
BRDA:23,13,0,13
BRDA:23,14,0,0
BRDA:23,15,0,8
BRDA:23,16,0,0
BRDA:23,17,0,8
BRDA:23,18,0,4
BRDA:23,19,0,0
BRDA:23,20,0,8
BRDA:23,21,0,2
BRDA:23,22,0,0
BRDA:23,23,0,8
BRDA:23,24,0,2
BRDA:23,25,0,0
BRDA:27,26,0,8
BRDA:28,27,0,0
BRDA:30,28,0,10
BRF:29
BRH:18
end_of_record
TN:
SF:packages/base/dist/cjs/divider/index.js
FN:8,get
FN:14,get
FN:19,_interopRequireDefault
FNF:3
FNH:2
FNDA:18,get
FNDA:0,get
FNDA:30,_interopRequireDefault
DA:1,1
DA:2,1
DA:3,1
DA:4,1
DA:5,1
DA:6,1
DA:7,1
DA:8,1
DA:9,18
DA:10,18
DA:11,1
DA:12,1
DA:13,1
DA:14,1
DA:15,0
DA:16,0
DA:17,1
DA:18,1
DA:19,30
LF:19
LH:17
BRDA:8,0,0,18
BRDA:19,1,0,30
BRDA:19,2,0,0
BRF:3
BRH:2
end_of_record
TN:
SF:packages/base/dist/cjs/dropdown/Item.js
FN:10,_getRequireWildcardCache
FN:10,_getRequireWildcardCache
FN:11,_interopRequireWildcard
FN:12,_typeof
FN:12,_typeof
FN:12,_typeof
FN:13,ownKeys
FN:14,_objectSpread
FN:15,_classCallCheck
FN:16,_defineProperties
FN:17,_createClass
FN:18,_inherits
FN:19,_setPrototypeOf
FN:19,_setPrototypeOf
FN:20,_createSuper
FN:20,_createSuperInternal
FN:21,_possibleConstructorReturn
FN:22,_assertThisInitialized
FN:23,_isNativeReflectConstruct
FN:24,_getPrototypeOf
FN:24,_getPrototypeOf
FN:25,_defineProperty
FN:26,_toPropertyKey
FN:27,_toPrimitive
FN:35,Item
FN:44,handleClick
[...]
DA:201,1
DA:202,1
DA:203,1
DA:204,1
DA:205,1
DA:206,1
DA:207,1
DA:208,1
DA:209,1
DA:210,1
DA:211,1
DA:212,1
DA:213,1
DA:214,1
DA:215,1
DA:216,1
DA:217,1
DA:218,1
DA:219,1
DA:220,1
DA:221,1
DA:222,1
DA:223,1
DA:224,1
DA:225,1
DA:226,1
DA:227,1
DA:228,1
DA:229,1
DA:230,1
DA:231,1
DA:232,1
DA:233,1
DA:234,1
DA:235,1
DA:236,1
DA:237,1
DA:238,1
DA:239,1
DA:240,1
DA:241,1
DA:242,1
DA:243,1
DA:244,1
DA:245,1
DA:246,1
DA:247,1
DA:248,1
DA:249,1
DA:250,1
DA:251,1
DA:252,1
DA:253,1
DA:254,1
DA:255,1
DA:256,1
DA:257,1
DA:258,1
DA:259,1
DA:260,1
DA:261,1
DA:262,1
DA:263,1
DA:264,1
DA:265,1
DA:266,1
DA:267,1
DA:268,1
DA:269,1
DA:270,1
DA:271,1
DA:272,1
DA:273,1
DA:274,1
DA:275,1
DA:276,1
DA:277,1
DA:278,1
DA:279,1
DA:280,1
DA:281,1
DA:282,1
DA:283,1
DA:284,1
DA:285,1
DA:286,1
DA:287,1
DA:288,1
DA:289,1
DA:290,1
DA:291,1
DA:292,1
DA:293,1
DA:294,1
DA:295,1
DA:296,1
DA:297,1
DA:298,1
DA:299,1
LF:299
LH:299
BRF:0
BRH:0
end_of_record
TN:
SF:packages/theme/dist/cjs/textarea/index.js
FN:3,_typeof
FN:10,_interopRequireDefault
FN:11,_getRequireWildcardCache
FN:12,_interopRequireWildcard
FNF:4
FNH:2
FNDA:0,_typeof
FNDA:30,_interopRequireDefault
FNDA:0,_getRequireWildcardCache
FNDA:30,_interopRequireWildcard
DA:1,1
DA:2,1
DA:3,0
DA:4,1
DA:5,1
DA:6,1
DA:7,1
DA:8,1
DA:9,1
DA:10,30
DA:11,0
DA:12,30
DA:13,1
DA:14,1
LF:14
LH:12
BRDA:10,0,0,30
BRDA:10,1,0,0
BRDA:12,2,0,30
BRDA:12,3,0,0
BRDA:12,4,0,0
BRDA:12,5,0,0
BRDA:12,6,0,0
BRF:7
BRH:2
end_of_record
TN:
SF:packages/theme/dist/cjs/textarea/textarea.js
FNF:0
FNH:0
DA:1,1
DA:2,1
DA:3,1
DA:4,1
DA:5,1
DA:6,1
DA:7,1
DA:8,1
DA:9,1
DA:10,1
DA:11,1
DA:12,1
DA:13,1
DA:14,1
DA:15,1
DA:16,1
DA:17,1
DA:18,1
DA:19,1
DA:20,1
DA:21,1
DA:22,1
DA:23,1
DA:24,1
DA:25,1
DA:26,1
DA:27,1
DA:28,1
DA:29,1
DA:30,1
DA:31,1
DA:32,1
DA:33,1
DA:34,1
DA:35,1
DA:36,1
DA:37,1
DA:38,1
DA:39,1
DA:40,1
DA:41,1
DA:42,1
LF:42
LH:42
BRF:0
BRH:0
end_of_record
TN:
SF:packages/theme/dist/cjs/token/index.js
FN:1260,tokenToVars
FNF:1
FNH:1
FNDA:1050,tokenToVars
DA:1,1
DA:2,1
DA:3,1
DA:4,1
DA:5,1
DA:6,1
DA:7,1
DA:8,1
DA:9,1
DA:10,1
DA:11,1
DA:12,1
DA:13,1
DA:14,1
DA:15,1
DA:16,1
DA:17,1
DA:18,1
DA:19,1
DA:20,1
DA:21,1
DA:22,1
DA:23,1
DA:24,1
DA:25,1
DA:26,1
DA:27,1
DA:28,1
DA:29,1
DA:30,1
DA:31,1
DA:32,1
DA:33,1
DA:34,1
DA:35,1
DA:36,1
DA:37,1
DA:38,1
DA:39,1
DA:40,1
DA:41,1
DA:42,1
DA:43,1
DA:44,1
DA:45,1
DA:46,1
DA:47,1
DA:48,1
DA:49,1
DA:50,1
DA:51,1
DA:52,1
DA:53,1
DA:54,1
DA:55,1
DA:56,1
DA:57,1
DA:58,1
DA:59,1
DA:60,1
DA:61,1
DA:62,1
DA:63,1
DA:64,1
DA:65,1
DA:66,1
DA:67,1
DA:68,1
DA:69,1
DA:70,1
DA:71,1
DA:72,1
DA:73,1
DA:74,1
DA:75,1
DA:76,1
DA:77,1
DA:78,1
DA:79,1
DA:80,1
DA:81,1
DA:82,1
DA:83,1
DA:84,1
DA:85,1
DA:86,1
DA:87,1
DA:88,1
DA:89,1
DA:90,1
DA:91,1
DA:92,1
DA:93,1
DA:94,1
DA:95,1
DA:96,1
DA:97,1
DA:98,1
DA:99,1
DA:100,1
DA:101,1
DA:102,1
DA:103,1
DA:104,1
DA:105,1
DA:106,1
DA:107,1
DA:108,1
DA:109,1
DA:110,1
DA:111,1
DA:112,1
DA:113,1
DA:114,1
DA:115,1
DA:116,1
DA:117,1
DA:118,1
DA:119,1
DA:120,1
DA:121,1
DA:122,1
DA:123,1
DA:124,1
DA:125,1
DA:126,1
DA:127,1
DA:128,1
DA:129,1
DA:130,1
DA:131,1
DA:132,1
DA:133,1
DA:134,1
DA:135,1
DA:136,1
DA:137,1
DA:138,1
DA:139,1
DA:140,1
DA:141,1
DA:142,1
DA:143,1
DA:144,1
DA:145,1
DA:146,1
DA:147,1
DA:148,1
DA:149,1
DA:150,1
DA:151,1
DA:152,1
DA:153,1
DA:154,1
DA:155,1
DA:156,1
DA:157,1
DA:158,1
DA:159,1
DA:160,1
DA:161,1
DA:162,1
DA:163,1
DA:164,1
DA:165,1
DA:166,1
DA:167,1
DA:168,1
DA:169,1
DA:170,1
DA:171,1
DA:172,1
DA:173,1
DA:174,1
DA:175,1
DA:176,1
DA:177,1
DA:178,1
DA:179,1
DA:180,1
DA:181,1
DA:182,1
DA:183,1
DA:184,1
DA:185,1
DA:186,1
DA:187,1
DA:188,1
DA:189,1
DA:190,1
DA:191,1
DA:192,1
DA:193,1
DA:194,1
DA:195,1
DA:196,1
DA:197,1
DA:198,1
DA:199,1
DA:200,1
DA:201,1
DA:202,1
DA:203,1
DA:204,1
DA:205,1
DA:206,1
DA:207,1
DA:208,1
DA:209,1
DA:210,1
DA:211,1
DA:212,1
DA:213,1
DA:214,1
DA:215,1
DA:216,1
DA:217,1
DA:218,1
DA:219,1
DA:220,1
DA:221,1
DA:222,1
DA:223,1
DA:224,1
DA:225,1
DA:226,1
DA:227,1
DA:228,1
DA:229,1
DA:230,1
DA:231,1
DA:232,1
DA:233,1
DA:234,1
DA:235,1
DA:236,1
DA:237,1
DA:238,1
DA:239,1
DA:240,1
DA:241,1
DA:242,1
DA:243,1
DA:244,1
DA:245,1
DA:246,1
DA:247,1
DA:248,1
DA:249,1
DA:250,1
DA:251,1
DA:252,1
DA:253,1
DA:254,1
DA:255,1
DA:256,1
DA:257,1
DA:258,1
DA:259,1
DA:260,1
DA:261,1
DA:262,1
DA:263,1
DA:264,1
DA:265,1
DA:266,1
DA:267,1
DA:268,1
DA:269,1
DA:270,1
DA:271,1
DA:272,1
DA:273,1
DA:274,1
DA:275,1
DA:276,1
DA:277,1
DA:278,1
DA:279,1
DA:280,1
DA:281,1
DA:282,1
DA:283,1
DA:284,1
DA:285,1
DA:286,1
DA:287,1
DA:288,1
DA:289,1
DA:290,1
DA:291,1
DA:292,1
DA:293,1
DA:294,1
DA:295,1
DA:296,1
DA:297,1
DA:298,1
DA:299,1
DA:300,1
DA:301,1
DA:302,1
DA:303,1
DA:304,1
DA:305,1
DA:306,1
DA:307,1
DA:308,1
DA:309,1
DA:310,1
DA:311,1
DA:312,1
DA:313,1
DA:314,1
DA:315,1
DA:316,1
DA:317,1
DA:318,1
DA:319,1
DA:320,1
DA:321,1
DA:322,1
DA:323,1
DA:324,1
DA:325,1
DA:326,1
DA:327,1
DA:328,1
DA:329,1
DA:330,1
DA:331,1
DA:332,1
DA:333,1
DA:334,1
DA:335,1
DA:336,1
DA:337,1
DA:338,1
DA:339,1
DA:340,1
DA:341,1
DA:342,1
DA:343,1
DA:344,1
DA:345,1
DA:346,1
DA:347,1
DA:348,1
DA:349,1
DA:350,1
DA:351,1
DA:352,1
DA:353,1
DA:354,1
DA:355,1
DA:356,1
DA:357,1
DA:358,1
DA:359,1
DA:360,1
DA:361,1
DA:362,1
DA:363,1
DA:364,1
DA:365,1
DA:366,1
DA:367,1
DA:368,1
DA:369,1
DA:370,1
DA:371,1
DA:372,1
DA:373,1
DA:374,1
DA:375,1
DA:376,1
DA:377,1
DA:378,1
DA:379,1
DA:380,1
DA:381,1
DA:382,1
DA:383,1
DA:384,1
DA:385,1
DA:386,1
DA:387,1
DA:388,1
DA:389,1
DA:390,1
DA:391,1
DA:392,1
DA:393,1
DA:394,1
DA:395,1
DA:396,1
DA:397,1
DA:398,1
DA:399,1
DA:400,1
DA:401,1
DA:402,1
DA:403,1
DA:404,1
DA:405,1
DA:406,1
DA:407,1
DA:408,1
DA:409,1
DA:410,1
DA:411,1
DA:412,1
DA:413,1
DA:414,1
DA:415,1
DA:416,1
DA:417,1
DA:418,1
DA:419,1
DA:420,1
DA:421,1
DA:422,1
DA:423,1
DA:424,1
DA:425,1
DA:426,1
DA:427,1
DA:428,1
DA:429,1
DA:430,1
DA:431,1
DA:432,1
DA:433,1
DA:434,1
DA:435,1
DA:436,1
DA:437,1
DA:438,1
DA:439,1
DA:440,1
DA:441,1
DA:442,1
DA:443,1
DA:444,1
DA:445,1
DA:446,1
DA:447,1
DA:448,1
DA:449,1
DA:450,1
DA:451,1
DA:452,1
DA:453,1
DA:454,1
DA:455,1
DA:456,1
DA:457,1
DA:458,1
DA:459,1
DA:460,1
DA:461,1
DA:462,1
DA:463,1
DA:464,1
DA:465,1
DA:466,1
DA:467,1
DA:468,1
DA:469,1
DA:470,1
DA:471,1
DA:472,1
DA:473,1
DA:474,1
DA:475,1
DA:476,1
DA:477,1
DA:478,1
DA:479,1
DA:480,1
DA:481,1
DA:482,1
DA:483,1
DA:484,1
DA:485,1
DA:486,1
DA:487,1
DA:488,1
DA:489,1
DA:490,1
DA:491,1
DA:492,1
DA:493,1
DA:494,1
DA:495,1
DA:496,1
DA:497,1
DA:498,1
DA:499,1
DA:500,1
DA:501,1
DA:502,1
DA:503,1
DA:504,1
DA:505,1
DA:506,1
DA:507,1
DA:508,1
DA:509,1
DA:510,1
DA:511,1
DA:512,1
DA:513,1
DA:514,1
DA:515,1
DA:516,1
DA:517,1
DA:518,1
DA:519,1
DA:520,1
DA:521,1
DA:522,1
DA:523,1
DA:524,1
DA:525,1
DA:526,1
DA:527,1
DA:528,1
DA:529,1
DA:530,1
DA:531,1
DA:532,1
DA:533,1
DA:534,1
DA:535,1
DA:536,1
DA:537,1
DA:538,1
DA:539,1
DA:540,1
DA:541,1
DA:542,1
DA:543,1
DA:544,1
DA:545,1
DA:546,1
DA:547,1
DA:548,1
DA:549,1
DA:550,1
DA:551,1
DA:552,1
DA:553,1
DA:554,1
DA:555,1
DA:556,1
DA:557,1
DA:558,1
DA:559,1
DA:560,1
DA:561,1
DA:562,1
DA:563,1
DA:564,1
DA:565,1
DA:566,1
DA:567,1
DA:568,1
DA:569,1
DA:570,1
DA:571,1
DA:572,1
DA:573,1
DA:574,1
DA:575,1
DA:576,1
DA:577,1
DA:578,1
DA:579,1
DA:580,1
DA:581,1
DA:582,1
DA:583,1
DA:584,1
DA:585,1
DA:586,1
DA:587,1
DA:588,1
DA:589,1
DA:590,1
DA:591,1
DA:592,1
DA:593,1
DA:594,1
DA:595,1
DA:596,1
DA:597,1
DA:598,1
DA:599,1
DA:600,1
DA:601,1
DA:602,1
DA:603,1
DA:604,1
DA:605,1
DA:606,1
DA:607,1
DA:608,1
DA:609,1
DA:610,1
DA:611,1
DA:612,1
DA:613,1
DA:614,1
DA:615,1
DA:616,1
DA:617,1
DA:618,1
DA:619,1
DA:620,1
DA:621,1
DA:622,1
DA:623,1
DA:624,1
DA:625,1
DA:626,1
DA:627,1
DA:628,1
DA:629,1
DA:630,1
DA:631,1
DA:632,1
DA:633,1
DA:634,1
DA:635,1
DA:636,1
DA:637,1
DA:638,1
DA:639,1
DA:640,1
DA:641,1
DA:642,1
DA:643,1
DA:644,1
DA:645,1
DA:646,1
DA:647,1
DA:648,1
DA:649,1
DA:650,1
DA:651,1
DA:652,1
DA:653,1
DA:654,1
DA:655,1
DA:656,1
DA:657,1
DA:658,1
DA:659,1
DA:660,1
DA:661,1
DA:662,1
DA:663,1
DA:664,1
DA:665,1
DA:666,1
DA:667,1
DA:668,1
DA:669,1
DA:670,1
DA:671,1
DA:672,1
DA:673,1
DA:674,1
DA:675,1
DA:676,1
DA:677,1
DA:678,1
DA:679,1
DA:680,1
DA:681,1
DA:682,1
DA:683,1
DA:684,1
DA:685,1
DA:686,1
DA:687,1
DA:688,1
DA:689,1
DA:690,1
DA:691,1
DA:692,1
DA:693,1
DA:694,1
DA:695,1
DA:696,1
DA:697,1
DA:698,1
DA:699,1
DA:700,1
DA:701,1
DA:702,1
DA:703,1
DA:704,1
DA:705,1
DA:706,1
DA:707,1
DA:708,1
DA:709,1
DA:710,1
DA:711,1
DA:712,1
DA:713,1
DA:714,1
DA:715,1
DA:716,1
DA:717,1
DA:718,1
DA:719,1
DA:720,1
DA:721,1
DA:722,1
DA:723,1
DA:724,1
DA:725,1
DA:726,1
DA:727,1
DA:728,1
DA:729,1
DA:730,1
DA:731,1
DA:732,1
DA:733,1
DA:734,1
DA:735,1
DA:736,1
DA:737,1
DA:738,1
DA:739,1
DA:740,1
DA:741,1
DA:742,1
DA:743,1
DA:744,1
DA:745,1
DA:746,1
DA:747,1
DA:748,1
DA:749,1
DA:750,1
DA:751,1
DA:752,1
DA:753,1
DA:754,1
DA:755,1
DA:756,1
DA:757,1
DA:758,1
DA:759,1
DA:760,1
DA:761,1
DA:762,1
DA:763,1
DA:764,1
DA:765,1
DA:766,1
DA:767,1
DA:768,1
DA:769,1
DA:770,1
DA:771,1
DA:772,1
DA:773,1
DA:774,1
DA:775,1
DA:776,1
DA:777,1
DA:778,1
DA:779,1
DA:780,1
DA:781,1
DA:782,1
DA:783,1
DA:784,1
DA:785,1
DA:786,1
DA:787,1
DA:788,1
DA:789,1
DA:790,1
DA:791,1
DA:792,1
DA:793,1
DA:794,1
DA:795,1
DA:796,1
DA:797,1
DA:798,1
DA:799,1
DA:800,1
DA:801,1
DA:802,1
DA:803,1
DA:804,1
DA:805,1
DA:806,1
DA:807,1
DA:808,1
DA:809,1
DA:810,1
DA:811,1
DA:812,1
DA:813,1
DA:814,1
DA:815,1
DA:816,1
DA:817,1
DA:818,1
DA:819,1
DA:820,1
DA:821,1
DA:822,1
DA:823,1
DA:824,1
DA:825,1
DA:826,1
DA:827,1
DA:828,1
DA:829,1
DA:830,1
DA:831,1
DA:832,1
DA:833,1
DA:834,1
DA:835,1
DA:836,1
DA:837,1
DA:838,1
DA:839,1
DA:840,1
DA:841,1
DA:842,1
DA:843,1
DA:844,1
DA:845,1
DA:846,1
DA:847,1
DA:848,1
DA:849,1
DA:850,1
DA:851,1
DA:852,1
DA:853,1
DA:854,1
DA:855,1
DA:856,1
DA:857,1
DA:858,1
DA:859,1
DA:860,1
DA:861,1
DA:862,1
DA:863,1
DA:864,1
DA:865,1
DA:866,1
DA:867,1
DA:868,1
DA:869,1
DA:870,1
DA:871,1
DA:872,1
DA:873,1
DA:874,1
DA:875,1
DA:876,1
DA:877,1
DA:878,1
DA:879,1
DA:880,1
DA:881,1
DA:882,1
DA:883,1
DA:884,1
DA:885,1
DA:886,1
DA:887,1
DA:888,1
DA:889,1
DA:890,1
DA:891,1
DA:892,1
DA:893,1
DA:894,1
DA:895,1
DA:896,1
DA:897,1
DA:898,1
DA:899,1
DA:900,1
DA:901,1
DA:902,1
DA:903,1
DA:904,1
DA:905,1
DA:906,1
DA:907,1
DA:908,1
DA:909,1
DA:910,1
DA:911,1
DA:912,1
DA:913,1
DA:914,1
DA:915,1
DA:916,1
DA:917,1
DA:918,1
DA:919,1
DA:920,1
DA:921,1
DA:922,1
DA:923,1
DA:924,1
DA:925,1
DA:926,1
DA:927,1
DA:928,1
DA:929,1
DA:930,1
DA:931,1
DA:932,1
DA:933,1
DA:934,1
DA:935,1
DA:936,1
DA:937,1
DA:938,1
DA:939,1
DA:940,1
DA:941,1
DA:942,1
DA:943,1
DA:944,1
DA:945,1
DA:946,1
DA:947,1
DA:948,1
DA:949,1
DA:950,1
DA:951,1
DA:952,1
DA:953,1
DA:954,1
DA:955,1
DA:956,1
DA:957,1
DA:958,1
DA:959,1
DA:960,1
DA:961,1
DA:962,1
DA:963,1
DA:964,1
DA:965,1
DA:966,1
DA:967,1
DA:968,1
DA:969,1
DA:970,1
DA:971,1
DA:972,1
DA:973,1
DA:974,1
DA:975,1
DA:976,1
DA:977,1
DA:978,1
DA:979,1
DA:980,1
DA:981,1
DA:982,1
DA:983,1
DA:984,1
DA:985,1
DA:986,1
DA:987,1
DA:988,1
DA:989,1
DA:990,1
DA:991,1
DA:992,1
DA:993,1
DA:994,1
DA:995,1
DA:996,1
DA:997,1
DA:998,1
DA:999,1
DA:1000,1
DA:1001,1
DA:1002,1
DA:1003,1
DA:1004,1
DA:1005,1
DA:1006,1
DA:1007,1
DA:1008,1
DA:1009,1
DA:1010,1
DA:1011,1
DA:1012,1
DA:1013,1
DA:1014,1
DA:1015,1
DA:1016,1
DA:1017,1
DA:1018,1
DA:1019,1
DA:1020,1
DA:1021,1
DA:1022,1
DA:1023,1
DA:1024,1
DA:1025,1
DA:1026,1
DA:1027,1
DA:1028,1
DA:1029,1
DA:1030,1
DA:1031,1
DA:1032,1
DA:1033,1
DA:1034,1
DA:1035,1
DA:1036,1
DA:1037,1
DA:1038,1
DA:1039,1
DA:1040,1
DA:1041,1
DA:1042,1
DA:1043,1
DA:1044,1
DA:1045,1
DA:1046,1
DA:1047,1
DA:1048,1
DA:1049,1
DA:1050,1
DA:1051,1
DA:1052,1
DA:1053,1
DA:1054,1
DA:1055,1
DA:1056,1
DA:1057,1
DA:1058,1
DA:1059,1
DA:1060,1
DA:1061,1
DA:1062,1
DA:1063,1
DA:1064,1
DA:1065,1
DA:1066,1
DA:1067,1
DA:1068,1
DA:1069,1
DA:1070,1
DA:1071,1
DA:1072,1
DA:1073,1
DA:1074,1
DA:1075,1
DA:1076,1
DA:1077,1
DA:1078,1
DA:1079,1
DA:1080,1
DA:1081,1
DA:1082,1
DA:1083,1
DA:1084,1
DA:1085,1
DA:1086,1
DA:1087,1
DA:1088,1
DA:1089,1
DA:1090,1
DA:1091,1
DA:1092,1
DA:1093,1
DA:1094,1
DA:1095,1
DA:1096,1
DA:1097,1
DA:1098,1
DA:1099,1
DA:1100,1
DA:1101,1
DA:1102,1
DA:1103,1
DA:1104,1
DA:1105,1
DA:1106,1
DA:1107,1
DA:1108,1
DA:1109,1
DA:1110,1
DA:1111,1
DA:1112,1
DA:1113,1
DA:1114,1
DA:1115,1
DA:1116,1
DA:1117,1
DA:1118,1
DA:1119,1
DA:1120,1
DA:1121,1
DA:1122,1
DA:1123,1
DA:1124,1
DA:1125,1
DA:1126,1
DA:1127,1
DA:1128,1
DA:1129,1
DA:1130,1
DA:1131,1
DA:1132,1
DA:1133,1
DA:1134,1
DA:1135,1
DA:1136,1
DA:1137,1
DA:1138,1
DA:1139,1
DA:1140,1
DA:1141,1
DA:1142,1
DA:1143,1
DA:1144,1
DA:1145,1
DA:1146,1
DA:1147,1
DA:1148,1
DA:1149,1
DA:1150,1
DA:1151,1
DA:1152,1
DA:1153,1
DA:1154,1
DA:1155,1
DA:1156,1
DA:1157,1
DA:1158,1
DA:1159,1
DA:1160,1
DA:1161,1
DA:1162,1
DA:1163,1
DA:1164,1
DA:1165,1
DA:1166,1
DA:1167,1
DA:1168,1
DA:1169,1
DA:1170,1
DA:1171,1
DA:1172,1
DA:1173,1
DA:1174,1
DA:1175,1
DA:1176,1
DA:1177,1
DA:1178,1
DA:1179,1
DA:1180,1
DA:1181,1
DA:1182,1
DA:1183,1
DA:1184,1
DA:1185,1
DA:1186,1
DA:1187,1
DA:1188,1
DA:1189,1
DA:1190,1
DA:1191,1
DA:1192,1
DA:1193,1
DA:1194,1
DA:1195,1
DA:1196,1
DA:1197,1
DA:1198,1
DA:1199,1
DA:1200,1
DA:1201,1
DA:1202,1
DA:1203,1
DA:1204,1
DA:1205,1
DA:1206,1
DA:1207,1
DA:1208,1
DA:1209,1
DA:1210,1
DA:1211,1
DA:1212,1
DA:1213,1
DA:1214,1
DA:1215,1
DA:1216,1
DA:1217,1
DA:1218,1
DA:1219,1
DA:1220,1
DA:1221,1
DA:1222,1
DA:1223,1
DA:1224,1
DA:1225,1
DA:1226,1
DA:1227,1
DA:1228,1
DA:1229,1
DA:1230,1
DA:1231,1
DA:1232,1
DA:1233,1
DA:1234,1
DA:1235,1
DA:1236,1
DA:1237,1
DA:1238,1
DA:1239,1
DA:1240,1
DA:1241,1
DA:1242,1
DA:1243,1
DA:1244,1
DA:1245,1
DA:1246,1
DA:1247,1
DA:1248,1
DA:1249,1
DA:1250,1
DA:1251,1
DA:1252,1
DA:1253,1
DA:1254,1
DA:1255,1
DA:1256,1
DA:1257,1
DA:1258,1
DA:1259,1
DA:1260,1
DA:1261,1050
DA:1262,1050
DA:1263,1050
DA:1264,1050
DA:1265,39150
DA:1266,39150
DA:1267,39150
DA:1268,39150
DA:1269,1050
DA:1270,1050
DA:1271,1050
DA:1272,1
DA:1273,1
DA:1274,1
LF:1274
LH:1274
BRDA:1260,0,0,1050
BRDA:1262,1,0,0
BRDA:1264,2,0,39150
BRDA:1268,3,0,2970
BRDA:1268,4,0,36180
BRDA:1268,5,0,2970
BRF:6
BRH:5
end_of_record
TN:
SF:packages/theme/dist/cjs/token/token.js
FNF:0
FNH:0
DA:1,1
DA:2,1
DA:3,1
DA:4,1
DA:5,1
DA:6,1
DA:7,1
DA:8,1
DA:9,1
DA:10,1
DA:11,1
DA:12,1
DA:13,1
DA:14,1
DA:15,1
DA:16,1
DA:17,1
DA:18,1
DA:19,1
DA:20,1
DA:21,1
DA:22,1
DA:23,1
DA:24,1
DA:25,1
DA:26,1
DA:27,1
DA:28,1
DA:29,1
DA:30,1
DA:31,1
DA:32,1
DA:33,1
DA:34,1
DA:35,1
DA:36,1
DA:37,1
DA:38,1
DA:39,1
DA:40,1
DA:41,1
DA:42,1
DA:43,1
DA:44,1
DA:45,1
DA:46,1
DA:47,1
DA:48,1
DA:49,1
DA:50,1
DA:51,1
DA:52,1
DA:53,1
DA:54,1
DA:55,1
DA:56,1
DA:57,1
DA:58,1
DA:59,1
DA:60,1
DA:61,1
DA:62,1
DA:63,1
DA:64,1
DA:65,1
DA:66,1
DA:67,1
DA:68,1
DA:69,1
DA:70,1
DA:71,1
DA:72,1
DA:73,1
DA:74,1
DA:75,1
DA:76,1
DA:77,1
DA:78,1
DA:79,1
DA:80,1
DA:81,1
DA:82,1
DA:83,1
DA:84,1
DA:85,1
DA:86,1
DA:87,1
DA:88,1
DA:89,1
DA:90,1
DA:91,1
DA:92,1
DA:93,1
DA:94,1
DA:95,1
DA:96,1
DA:97,1
DA:98,1
DA:99,1
DA:100,1
DA:101,1
DA:102,1
DA:103,1
DA:104,1
DA:105,1
DA:106,1
DA:107,1
DA:108,1
DA:109,1
DA:110,1
DA:111,1
DA:112,1
DA:113,1
DA:114,1
DA:115,1
DA:116,1
DA:117,1
DA:118,1
DA:119,1
DA:120,1
DA:121,1
DA:122,1
DA:123,1
DA:124,1
DA:125,1
DA:126,1
DA:127,1
DA:128,1
DA:129,1
DA:130,1
DA:131,1
DA:132,1
DA:133,1
DA:134,1
DA:135,1
DA:136,1
DA:137,1
DA:138,1
DA:139,1
DA:140,1
DA:141,1
DA:142,1
DA:143,1
DA:144,1
DA:145,1
DA:146,1
DA:147,1
DA:148,1
DA:149,1
DA:150,1
DA:151,1
DA:152,1
DA:153,1
DA:154,1
DA:155,1
DA:156,1
DA:157,1
DA:158,1
DA:159,1
DA:160,1
DA:161,1
DA:162,1
DA:163,1
DA:164,1
DA:165,1
DA:166,1
DA:167,1
DA:168,1
DA:169,1
DA:170,1
DA:171,1
DA:172,1
DA:173,1
DA:174,1
DA:175,1
DA:176,1
DA:177,1
DA:178,1
DA:179,1
DA:180,1
DA:181,1
DA:182,1
DA:183,1
DA:184,1
DA:185,1
DA:186,1
DA:187,1
DA:188,1
DA:189,1
DA:190,1
DA:191,1
DA:192,1
DA:193,1
DA:194,1
DA:195,1
DA:196,1
DA:197,1
DA:198,1
DA:199,1
DA:200,1
DA:201,1
DA:202,1
DA:203,1
DA:204,1
DA:205,1
DA:206,1
DA:207,1
DA:208,1
DA:209,1
DA:210,1
DA:211,1
DA:212,1
DA:213,1
DA:214,1
DA:215,1
DA:216,1
DA:217,1
DA:218,1
LF:218
LH:218
BRF:0
BRH:0
end_of_record
TN:
SF:packages/theme/dist/cjs/tooltip/index.js
FN:3,_typeof
FN:10,_interopRequireDefault
FN:11,_getRequireWildcardCache
FN:12,_interopRequireWildcard
FNF:4
FNH:2
FNDA:0,_typeof
FNDA:30,_interopRequireDefault
FNDA:0,_getRequireWildcardCache
FNDA:30,_interopRequireWildcard
DA:1,1
DA:2,1
DA:3,0
DA:4,1
DA:5,1
DA:6,1
DA:7,1
DA:8,1
DA:9,1
DA:10,30
DA:11,0
DA:12,30
DA:13,1
DA:14,1
LF:14
LH:12
BRDA:10,0,0,30
BRDA:10,1,0,0
BRDA:12,2,0,30
BRDA:12,3,0,0
BRDA:12,4,0,0
BRDA:12,5,0,0
BRDA:12,6,0,0
BRF:7
BRH:2
end_of_record
TN:
SF:packages/theme/dist/cjs/tooltip/tooltip.js
FNF:0
FNH:0
DA:1,1
DA:2,1
DA:3,1
DA:4,1
DA:5,1
DA:6,1
DA:7,1
DA:8,1
DA:9,1
DA:10,1
DA:11,1
DA:12,1
DA:13,1
DA:14,1
DA:15,1
DA:16,1
DA:17,1
DA:18,1
DA:19,1
LF:19
LH:19
BRF:0
BRH:0
end_of_record
TN:
SF:packages/theme/dist/cjs/transfer/index.js
FN:3,_typeof
FN:10,_interopRequireDefault
FN:11,_getRequireWildcardCache
FN:12,_interopRequireWildcard
FNF:4
FNH:2
FNDA:0,_typeof
FNDA:30,_interopRequireDefault
FNDA:0,_getRequireWildcardCache
FNDA:30,_interopRequireWildcard
DA:1,1
DA:2,1
DA:3,0
DA:4,1
DA:5,1
DA:6,1
DA:7,1
DA:8,1
DA:9,1
DA:10,30
DA:11,0
DA:12,30
DA:13,1
DA:14,1
LF:14
LH:12
BRDA:10,0,0,30
BRDA:10,1,0,0
BRDA:12,2,0,30
BRDA:12,3,0,0
BRDA:12,4,0,0
BRDA:12,5,0,0
BRDA:12,6,0,0
BRF:7
BRH:2
end_of_record
TN:
SF:packages/theme/dist/cjs/transfer/transfer.js
FNF:0
FNH:0
DA:1,1
DA:2,1
DA:3,1
DA:4,1
DA:5,1
DA:6,1
DA:7,1
DA:8,1
DA:9,1
DA:10,1
DA:11,1
DA:12,1
DA:13,1
DA:14,1
DA:15,1
DA:16,1
DA:17,1
DA:18,1
DA:19,1
DA:20,1
DA:21,1
DA:22,1
DA:23,1
DA:24,1
DA:25,1
DA:26,1
DA:27,1
DA:28,1
DA:29,1
LF:29
LH:29
BRF:0
BRH:0
end_of_record
TN:
SF:packages/theme/dist/cjs/tree/index.js
FN:3,_typeof
FN:10,_interopRequireDefault
FN:11,_getRequireWildcardCache
FN:12,_interopRequireWildcard
FNF:4
FNH:2
FNDA:0,_typeof
FNDA:30,_interopRequireDefault
FNDA:0,_getRequireWildcardCache
FNDA:30,_interopRequireWildcard
DA:1,1
DA:2,1
DA:3,0
DA:4,1
DA:5,1
DA:6,1
DA:7,1
DA:8,1
DA:9,1
DA:10,30
DA:11,0
DA:12,30
DA:13,1
DA:14,1
LF:14
LH:12
BRDA:10,0,0,30
BRDA:10,1,0,0
BRDA:12,2,0,30
BRDA:12,3,0,0
BRDA:12,4,0,0
BRDA:12,5,0,0
BRDA:12,6,0,0
BRF:7
BRH:2
end_of_record
TN:
SF:packages/theme/dist/cjs/tree/tree.js
FNF:0
FNH:0
DA:1,1
DA:2,1
DA:3,1
DA:4,1
DA:5,1
DA:6,1
DA:7,1
DA:8,1
DA:9,1
DA:10,1
DA:11,1
DA:12,1
DA:13,1
DA:14,1
DA:15,1
DA:16,1
DA:17,1
DA:18,1
DA:19,1
DA:20,1
DA:21,1
DA:22,1
DA:23,1
DA:24,1
DA:25,1
DA:26,1
DA:27,1
DA:28,1
DA:29,1
DA:30,1
DA:31,1
DA:32,1
DA:33,1
DA:34,1
DA:35,1
LF:35
LH:35
BRF:0
BRH:0
end_of_record
TN:
SF:packages/theme/dist/cjs/upload/index.js
FN:3,_typeof
FN:10,_interopRequireDefault
FN:11,_getRequireWildcardCache
FN:12,_interopRequireWildcard
FNF:4
FNH:2
FNDA:0,_typeof
FNDA:30,_interopRequireDefault
FNDA:0,_getRequireWildcardCache
FNDA:30,_interopRequireWildcard
DA:1,1
DA:2,1
DA:3,0
DA:4,1
DA:5,1
DA:6,1
DA:7,1
DA:8,1
DA:9,1
DA:10,30
DA:11,0
DA:12,30
DA:13,1
DA:14,1
LF:14
LH:12
BRDA:10,0,0,30
BRDA:10,1,0,0
BRDA:12,2,0,30
BRDA:12,3,0,0
BRDA:12,4,0,0
BRDA:12,5,0,0
BRDA:12,6,0,0
BRF:7
BRH:2
end_of_record
TN:
SF:packages/theme/dist/cjs/upload/upload.js
FNF:0
FNH:0
DA:1,1
DA:2,1
DA:3,1
DA:4,1
DA:5,1
DA:6,1
DA:7,1
DA:8,1
DA:9,1
DA:10,1
DA:11,1
DA:12,1
DA:13,1
DA:14,1
DA:15,1
DA:16,1
DA:17,1
DA:18,1
DA:19,1
DA:20,1
DA:21,1
DA:22,1
DA:23,1
DA:24,1
DA:25,1
DA:26,1
DA:27,1
DA:28,1
DA:29,1
DA:30,1
DA:31,1
DA:32,1
DA:33,1
DA:34,1
DA:35,1
DA:36,1
DA:37,1
DA:38,1
DA:39,1
DA:40,1
DA:41,1
DA:42,1
DA:43,1
DA:44,1
DA:45,1
DA:46,1
DA:47,1
DA:48,1
DA:49,1
LF:49
LH:49
BRF:0
BRH:0
end_of_record
TN:
SF:packages/theme/dist/cjs/utils/css-var.js
FN:12,replaceNonAlphanumeric
FN:20,camelCaseToDash
FN:23,cssvar
FNF:3
FNH:3
FNDA:36960,replaceNonAlphanumeric
FNDA:36960,camelCaseToDash
FNDA:39150,cssvar
DA:1,1
DA:2,1
DA:3,1
DA:4,1
DA:5,1
DA:6,1
DA:7,1
DA:8,1
DA:9,1
DA:10,1
DA:11,1
DA:12,36960
DA:13,36960
DA:14,36960
DA:15,36960
DA:16,36960
DA:17,36960
DA:18,36960
DA:19,36960
DA:20,36960
DA:21,36960
DA:22,36960
DA:23,1
DA:24,39150
DA:25,2190
DA:26,2190
DA:27,2190
DA:28,2190
DA:29,2190
DA:30,2190
DA:31,2190
DA:32,2190
DA:33,36960
DA:34,36960
DA:35,39150
DA:36,0
DA:37,0
DA:38,36960
DA:39,36960
DA:40,1
LF:40
LH:38
BRDA:12,0,0,36960
BRDA:20,1,0,36960
BRDA:23,2,0,39150
BRDA:24,3,0,2190
BRDA:32,4,0,36960
BRDA:35,5,0,0
BRDA:37,6,0,36960
BRF:7
BRH:6
end_of_record
